Importing submoduled environments...
Submoduled environments not found. Skipping import.
Compiling MAPPO-TarMAC MPE...
Running...
wandb: [wandb.login()] Loaded credentials for https://api.wandb.ai from /home/aryaman/.netrc.
wandb: [wandb.login()] Loaded credentials for https://api.wandb.ai from /home/aryaman/.netrc.
wandb: [wandb.login()] Loaded credentials for https://api.wandb.ai from /home/aryaman/.netrc.
wandb: Currently logged in as: aryaman-reddi to https://api.wandb.ai. Use `wandb login --relogin` to force relogin
wandb: Currently logged in as: aryaman-reddi to https://api.wandb.ai. Use `wandb login --relogin` to force relogin
wandb: Currently logged in as: aryaman-reddi to https://api.wandb.ai. Use `wandb login --relogin` to force relogin
wandb: setting up run 8p6beitm
wandb: setting up run qs4pfmse
wandb: Tracking run with wandb version 0.27.0
wandb: Run data is saved locally in /home/aryaman/Desktop/project-talk/talk/experiments/mpe/talk_gumbel/wandb/run-20260615_004957-sb5u6qe5
wandb: Run `wandb offline` to turn off syncing.
wandb: Syncing run 0_1_2026-06-15_00-47-29
wandb: 猸愶笍 View project at https://wandb.ai/aryaman-reddi/talk
wandb: 馃殌 View run at https://wandb.ai/aryaman-reddi/talk/runs/sb5u6qe5
wandb: Tracking run with wandb version 0.27.0
wandb: Run data is saved locally in /home/aryaman/Desktop/project-talk/talk/experiments/mpe/talk_gumbel/wandb/run-20260615_004957-8p6beitm
wandb: Run `wandb offline` to turn off syncing.
wandb: Syncing run 0_2_2026-06-15_00-47-29
wandb: 猸愶笍 View project at https://wandb.ai/aryaman-reddi/talk
wandb: 馃殌 View run at https://wandb.ai/aryaman-reddi/talk/runs/8p6beitm
wandb: Tracking run with wandb version 0.27.0
wandb: Run data is saved locally in /home/aryaman/Desktop/project-talk/talk/experiments/mpe/talk_gumbel/wandb/run-20260615_004958-qs4pfmse
wandb: Run `wandb offline` to turn off syncing.
wandb: Syncing run 0_0_2026-06-15_00-47-29
wandb: 猸愶笍 View project at https://wandb.ai/aryaman-reddi/talk
wandb: 馃殌 View run at https://wandb.ai/aryaman-reddi/talk/runs/qs4pfmse
wandb: updating run metadata
wandb: updating run metadata
wandb: updating run metadata
wandb: uploading wandb-summary.json; uploading config.yaml
wandb: uploading wandb-summary.json; uploading config.yaml
wandb: uploading wandb-summary.json; uploading config.yaml
wandb: 
wandb: Run history:
wandb:  actor_grad_norm 鈻佲杺鈻傗杽鈻堚枃鈻嗏枀鈻勨枃鈻呪枂鈻団枂鈻堚枂鈻嗏枃鈻嗏枂鈻呪枃鈻嗏枂鈻団枅鈻団枀鈻嗏枃鈻嗏枂鈻嗏枀鈻嗏枂鈻嗏枃鈻団枂
wandb:       actor_loss 鈻佲杹鈻勨杺鈻勨枂鈻堚枀鈻勨杽鈻勨杽鈻呪杽鈻呪枀鈻嗏枂鈻呪枂鈻嗏枂鈻嗏枂鈻嗏枂鈻団枂鈻嗏枃鈻嗏枂鈻団枃鈻団枃鈻団枃鈻堚枅
wandb:        approx_kl 鈻冣杽鈻勨杽鈻冣杽鈻勨枂鈻堚枅鈻勨杻鈻冣杻鈻冣杻鈻傗杻鈻冣杺鈻冣杻鈻傗杺鈻冣杺鈻傗杺鈻傗杺鈻傗杺鈻傗杺鈻傗杺鈻佲杹鈻佲杹
wandb:        clip_frac 鈻傗杽鈻呪枂鈻呪枅鈻勨杽鈻勨杽鈻冣枀鈻勨杽鈻勨杽鈻傗杻鈻勨杽鈻勨杻鈻冣杽鈻勨杻鈻冣杻鈻冣杻鈻傗杻鈻傗杻鈻傗杺鈻傗杹鈻佲杹
wandb:    comm_ctx_norm 鈻堚枅鈻堚枃鈻団杽鈻佲杹鈻佲杹鈻佲杹鈻佲杹鈻佲杹鈻佲杹鈻佲杹鈻佲杹鈻佲杹鈻佲杹鈻佲杹鈻佲杹鈻佲杹鈻佲杹鈻佲杹鈻佲杹鈻佲杹
wandb: critic_grad_norm 鈻呪枂鈻呪枅鈻冣杽鈻冣枃鈻冣杽鈻勨杻鈻冣杻鈻呪杺鈻勨杽鈻佲杽鈻冣杻鈻傗杺鈻傗杺鈻傗杺鈻傗杹鈻傗杺鈻傗杹鈻佲杺鈻傗杺鈻傗杻
wandb:          entropy 鈻堚枂鈻嗏枀鈻冣杻鈻冣杻鈻冣杻鈻冣杻鈻冣杺鈻傗杺鈻傗杺鈻傗杺鈻佲杹鈻佲杹鈻佲杹鈻佲杹鈻佲杹鈻佲杹鈻佲杹鈻佲杹鈻佲杹鈻佲杺
wandb:         env_step 鈻佲杹鈻佲杹鈻傗杺鈻傗杺鈻傗杺鈻傗杻鈻冣杻鈻冣杽鈻勨杽鈻勨杽鈻呪枀鈻呪枀鈻呪枂鈻嗏枂鈻嗏枂鈻嗏枂鈻嗏枂鈻団枃鈻堚枅鈻堚枅
wandb: expected_msg_len 鈻嗏枅鈻堚枅鈻堚枃鈻勨杹鈻佲杹鈻佲杹鈻佲杹鈻佲杹鈻佲杹鈻佲杹鈻佲杹鈻佲杹鈻佲杹鈻佲杹鈻佲杹鈻佲杹鈻佲杹鈻佲杹鈻佲杹鈻佲杹
wandb:       gumbel_tau 鈻佲杹鈻佲杹鈻佲杹鈻佲杹鈻佲杹鈻佲杹鈻佲杹鈻佲杹鈻佲杹鈻佲杹鈻佲杹鈻佲杹鈻佲杹鈻佲杹鈻佲杹鈻佲杹鈻佲杹鈻佲杹鈻佲杹鈻佲杹
wandb:               +8 ...
wandb: 
wandb: Run summary:
wandb:  actor_grad_norm 0.26128
wandb:       actor_loss -0.00723
wandb:        approx_kl 0.0
wandb:        clip_frac 0
wandb:    comm_ctx_norm 0
wandb: critic_grad_norm 2.10193
wandb:          entropy 0.72216
wandb:         env_step 9986048.0
wandb: expected_msg_len 1.0
wandb:       gumbel_tau 0.5
wandb:               +8 ...
wandb: 
wandb: 馃殌 View run 0_1_2026-06-15_00-47-29 at: https://wandb.ai/aryaman-reddi/talk/runs/sb5u6qe5
wandb: 猸愶笍 View project at: https://wandb.ai/aryaman-reddi/talk
wandb: Synced 5 W&B file(s), 0 media file(s), 0 artifact file(s) and 0 other file(s)
wandb: Find logs at: ./wandb/run-20260615_004957-sb5u6qe5/logs
Importing submoduled environments...
Submoduled environments not found. Skipping import.
wandb: 
wandb: Run history:
wandb:  actor_grad_norm 鈻佲杺鈻佲杺鈻団枀鈻呪枃鈻呪枀鈻勨枀鈻呪杽鈻勨枀鈻勨枂鈻呪枀鈻呪枀鈻嗏枅鈻呪枂鈻嗏枂鈻嗏枂鈻団枂鈻嗏枂鈻嗏枃鈻呪枂鈻嗏枂
wandb:       actor_loss 鈻佲杹鈻傗杺鈻冣杻鈻勨枅鈻勨杻鈻勨杻鈻冣杽鈻冣杻鈻冣杻鈻勨杽鈻勨杽鈻勨杽鈻勨杽鈻勨杽鈻勨杽鈻勨杽鈻勨杽鈻勨杽鈻勨杽鈻勨杽
wandb:        approx_kl 鈻呪枀鈻勨枀鈻勨枅鈻呪杽鈻勨枀鈻勨杻鈻冣枀鈻勨杽鈻冣杽鈻勨杽鈻勨杽鈻勨杽鈻冣杻鈻冣杻鈻冣杻鈻冣杻鈻冣杻鈻傗杺鈻佲杹鈻傗杹
wandb:        clip_frac 鈻勨杽鈻勨枅鈻団枀鈻団枀鈻呪杽鈻勨杽鈻勨杽鈻冣杽鈻勨枀鈻冣杽鈻冣杻鈻冣杻鈻冣杻鈻冣杺鈻冣杻鈻冣杺鈻冣杺鈻傗杺鈻傗杺鈻佲杹
wandb:    comm_ctx_norm 鈻堚枃鈻勨杽鈻勨杹鈻佲杹鈻佲杹鈻佲杹鈻佲杹鈻佲杹鈻佲杹鈻佲杹鈻佲杹鈻佲杹鈻佲杹鈻佲杹鈻佲杹鈻佲杹鈻佲杹鈻佲杹鈻佲杹鈻佲杹
wandb: critic_grad_norm 鈻嗏枅鈻堚杽鈻勨枀鈻嗏杽鈻呪杻鈻呪杻鈻勨杻鈻冣枀鈻嗏杻鈻勨杻鈻傗杽鈻傗杺鈻勨枂鈻佲杺鈻傗杻鈻冣杺鈻傗杺鈻佲杺鈻冣杺鈻傗杺
wandb:          entropy 鈻堚枃鈻呪杽鈻勨杻鈻冣杻鈻冣杻鈻傗杺鈻傗杺鈻傗杺鈻傗杺鈻傗杹鈻佲杹鈻佲杹鈻佲杹鈻佲杹鈻佲杹鈻佲杹鈻佲杹鈻佲杹鈻佲杹鈻佲杹
wandb:         env_step 鈻佲杹鈻佲杹鈻佲杺鈻傗杺鈻傗杺鈻冣杻鈻冣杻鈻勨杽鈻勨杽鈻勨杽鈻呪枀鈻呪枀鈻呪枀鈻嗏枂鈻嗏枂鈻嗏枂鈻団枃鈻団枃鈻団枃鈻堚枅
wandb: expected_msg_len 鈻嗏枂鈻嗏枂鈻嗏枂鈻嗏枃鈻団枃鈻堚枂鈻佲杹鈻佲杹鈻佲杹鈻佲杹鈻佲杹鈻佲杹鈻佲杹鈻佲杹鈻佲杹鈻佲杹鈻佲杹鈻佲杹鈻佲杹鈻佲杹
wandb:       gumbel_tau 鈻佲杹鈻佲杹鈻佲杹鈻佲杹鈻佲杹鈻佲杹鈻佲杹鈻佲杹鈻佲杹鈻佲杹鈻佲杹鈻佲杹鈻佲杹鈻佲杹鈻佲杹鈻佲杹鈻佲杹鈻佲杹鈻佲杹鈻佲杹
wandb:               +8 ...
wandb: 
wandb: Run summary:
wandb:  actor_grad_norm 0.27885
wandb:       actor_loss -0.00739
wandb:        approx_kl 0.0
wandb:        clip_frac 0
wandb:    comm_ctx_norm 0.00604
wandb: critic_grad_norm 2.12577
wandb:          entropy 0.73724
wandb:         env_step 9986048.0
wandb: expected_msg_len 1.00093
wandb:       gumbel_tau 0.5
wandb:               +8 ...
wandb: 
wandb: 馃殌 View run 0_2_2026-06-15_00-47-29 at: https://wandb.ai/aryaman-reddi/talk/runs/8p6beitm
wandb: 猸愶笍 View project at: https://wandb.ai/aryaman-reddi/talk
wandb: Synced 5 W&B file(s), 0 media file(s), 0 artifact file(s) and 0 other file(s)
wandb: Find logs at: ./wandb/run-20260615_004957-8p6beitm/logs
Importing submoduled environments...
Submoduled environments not found. Skipping import.
wandb: 
wandb: Run history:
wandb:  actor_grad_norm 鈻佲杻鈻勨杽鈻団枅鈻呪枀鈻勨枀鈻勨枂鈻呪枀鈻呪枃鈻呪枀鈻呪枀鈻呪枀鈻呪枀鈻呪枀鈻呪枀鈻嗏枀鈻呪枀鈻勨枀鈻呪枀鈻呪枀鈻呪枀
wandb:       actor_loss 鈻佲枀鈻団枃鈻嗏枂鈻嗏枂鈻団枂鈻嗏枃鈻嗏枂鈻団枃鈻団枃鈻団枃鈻団枃鈻団枅鈻団枃鈻堚枃鈻団枃鈻堚枅鈻堚枅鈻堚枅鈻堚枅鈻堚枅
wandb:        approx_kl 鈻傗杻鈻勨枂鈻勨枅鈻団杽鈻勨杽鈻勨杽鈻勨杽鈻勨杽鈻勨杻鈻冣杻鈻勨杻鈻呪杻鈻冣杻鈻傗杻鈻傗杻鈻冣杺鈻傗杺鈻冣杺鈻傗杺鈻傗杹
wandb:        clip_frac 鈻佲杻鈻嗏枅鈻堚枃鈻堚枃鈻団杽鈻嗏枀鈻呪枂鈻呪枀鈻呪枀鈻嗏枂鈻呪杻鈻嗏枀鈻冣杽鈻勨杻鈻勨杻鈻勨杽鈻冣杽鈻冣杻鈻冣杺鈻冣杹
wandb:    comm_ctx_norm 鈻堚枃鈻嗏枂鈻嗏杺鈻佲杹鈻佲杹鈻佲杹鈻佲杹鈻佲杹鈻佲杹鈻佲杹鈻佲杹鈻佲杹鈻佲杹鈻佲杹鈻佲杹鈻佲杹鈻佲杹鈻佲杹鈻佲杹鈻佲杹
wandb: critic_grad_norm 鈻嗏枅鈻冣杽鈻呪杺鈻冣杻鈻傗杺鈻冣杺鈻佲杺鈻佲杺鈻勨杺鈻佲杺鈻傗杺鈻傗杺鈻佲杹鈻傗杻鈻佲杻鈻傗杺鈻傗杺鈻傗杹鈻傗杺鈻傗杺
wandb:          entropy 鈻堚枅鈻嗏枀鈻呪杽鈻勨杽鈻勨杽鈻冣杻鈻冣杻鈻冣杺鈻傗杺鈻傗杺鈻傗杺鈻佲杹鈻佲杹鈻佲杹鈻佲杹鈻佲杺鈻佲杹鈻佲杹鈻佲杹鈻佲杹
wandb:         env_step 鈻佲杹鈻佲杹鈻佲杺鈻傗杺鈻傗杺鈻冣杻鈻勨杽鈻勨杽鈻勨杽鈻勨杽鈻呪枀鈻呪枀鈻呪枀鈻嗏枂鈻嗏枃鈻団枃鈻団枃鈻団枃鈻堚枅鈻堚枅
wandb: expected_msg_len 鈻嗏枂鈻堚枅鈻堚枅鈻佲杹鈻佲杹鈻佲杹鈻佲杹鈻佲杹鈻佲杹鈻佲杹鈻佲杹鈻佲杹鈻佲杹鈻佲杹鈻佲杹鈻佲杹鈻佲杹鈻佲杹鈻佲杹鈻佲杹
wandb:       gumbel_tau 鈻佲杹鈻佲杹鈻佲杹鈻佲杹鈻佲杹鈻佲杹鈻佲杹鈻佲杹鈻佲杹鈻佲杹鈻佲杹鈻佲杹鈻佲杹鈻佲杹鈻佲杹鈻佲杹鈻佲杹鈻佲杹鈻佲杹鈻佲杹
wandb:               +8 ...
wandb: 
wandb: Run summary:
wandb:  actor_grad_norm 0.26955
wandb:       actor_loss -0.00733
wandb:        approx_kl 0.0
wandb:        clip_frac 0
wandb:    comm_ctx_norm 0
wandb: critic_grad_norm 2.2568
wandb:          entropy 0.7326
wandb:         env_step 9986048.0
wandb: expected_msg_len 1.00001
wandb:       gumbel_tau 0.5
wandb:               +8 ...
wandb: 
wandb: 馃殌 View run 0_0_2026-06-15_00-47-29 at: https://wandb.ai/aryaman-reddi/talk/runs/qs4pfmse
wandb: 猸愶笍 View project at: https://wandb.ai/aryaman-reddi/talk
wandb: Synced 5 W&B file(s), 0 media file(s), 0 artifact file(s) and 0 other file(s)
wandb: Find logs at: ./wandb/run-20260615_004958-qs4pfmse/logs
Importing submoduled environments...
Submoduled environments not found. Skipping import.
Finished.
