Importing submoduled environments...
Submoduled environments not found. Skipping import.
Compiling MAPPO-TarMAC MPE...
Running...
wandb: [wandb.login()] Loaded credentials for https://api.wandb.ai from /home/aryaman/.netrc.
wandb: [wandb.login()] Loaded credentials for https://api.wandb.ai from /home/aryaman/.netrc.
wandb: [wandb.login()] Loaded credentials for https://api.wandb.ai from /home/aryaman/.netrc.
wandb: Currently logged in as: aryaman-reddi to https://api.wandb.ai. Use `wandb login --relogin` to force relogin
wandb: Currently logged in as: aryaman-reddi to https://api.wandb.ai. Use `wandb login --relogin` to force relogin
wandb: Currently logged in as: aryaman-reddi to https://api.wandb.ai. Use `wandb login --relogin` to force relogin
wandb: setting up run 2w378yw6
wandb: setting up run b84rvlcu
wandb: Tracking run with wandb version 0.27.0
wandb: Run data is saved locally in /home/aryaman/Desktop/project-talk/talk/experiments/mpe/talk_gumbel/wandb/run-20260615_004953-an7awy2f
wandb: Run `wandb offline` to turn off syncing.
wandb: Syncing run 0_1_2026-06-15_00-47-24
wandb: 猸愶笍 View project at https://wandb.ai/aryaman-reddi/talk
wandb: 馃殌 View run at https://wandb.ai/aryaman-reddi/talk/runs/an7awy2f
wandb: Tracking run with wandb version 0.27.0
wandb: Run data is saved locally in /home/aryaman/Desktop/project-talk/talk/experiments/mpe/talk_gumbel/wandb/run-20260615_004953-2w378yw6
wandb: Run `wandb offline` to turn off syncing.
wandb: Syncing run 0_2_2026-06-15_00-47-24
wandb: 猸愶笍 View project at https://wandb.ai/aryaman-reddi/talk
wandb: 馃殌 View run at https://wandb.ai/aryaman-reddi/talk/runs/2w378yw6
wandb: Tracking run with wandb version 0.27.0
wandb: Run data is saved locally in /home/aryaman/Desktop/project-talk/talk/experiments/mpe/talk_gumbel/wandb/run-20260615_004953-b84rvlcu
wandb: Run `wandb offline` to turn off syncing.
wandb: Syncing run 0_0_2026-06-15_00-47-24
wandb: 猸愶笍 View project at https://wandb.ai/aryaman-reddi/talk
wandb: 馃殌 View run at https://wandb.ai/aryaman-reddi/talk/runs/b84rvlcu
wandb: updating run metadata
wandb: updating run metadata
wandb: updating run metadata
wandb: uploading config.yaml; uploading wandb-summary.json
wandb: uploading wandb-summary.json; uploading config.yaml
wandb: uploading wandb-summary.json; uploading config.yaml
wandb: uploading config.yaml
wandb: uploading history steps 1218-1219, summary
wandb: uploading history steps 1218-1219, summary
wandb: 
wandb: Run history:
wandb:  actor_grad_norm 鈻佲杻鈻佲杻鈻傗杽鈻勨杽鈻勨枅鈻嗏杽鈻嗏枂鈻団杽鈻呪枂鈻嗏枂鈻堚枀鈻呪枅鈻呪枂鈻呪枀鈻呪枂鈻嗏枂鈻呪枂鈻呪枀鈻呪枀鈻呪枀
wandb:       actor_loss 鈻佲杺鈻傗杺鈻勨杻鈻勨枀鈻呪杽鈻勨枀鈻冣枀鈻呪杽鈻呪枀鈻呪枂鈻嗏枀鈻呪杽鈻嗏枂鈻呪枂鈻嗏枂鈻嗏枂鈻堚枂鈻団枂鈻団枃鈻嗏枂
wandb:        approx_kl 鈻呪杻鈻呪枀鈻嗏杽鈻呪枀鈻嗏枂鈻団枂鈻嗏枂鈻嗏枅鈻団枂鈻堚枃鈻嗏枂鈻嗏枃鈻嗏枂鈻嗏枂鈻団枀鈻嗏枀鈻団枂鈻嗏杽鈻勨杻鈻呪杹
wandb:        clip_frac 鈻勨杽鈻勨杻鈻団杽鈻団枂鈻呪枀鈻嗏枅鈻堚枃鈻嗏枃鈻団枂鈻嗏枀鈻団枃鈻団枂鈻堚枂鈻勨枂鈻団枂鈻呪杽鈻呪枀鈻勨杽鈻冣杽鈻傗杹
wandb:    comm_ctx_norm 鈻堚枃鈻呪杽鈻冣杻鈻冣杺鈻傗杺鈻傗杹鈻佲杹鈻佲杹鈻佲杹鈻佲杺鈻佲杹鈻佲杹鈻佲杹鈻佲杹鈻佲杹鈻佲杹鈻佲杹鈻佲杹鈻佲杹鈻佲杹
wandb: critic_grad_norm 鈻堚杻鈻勨杺鈻傗杻鈻冣杽鈻傗杽鈻勨杽鈻冣杺鈻冣杺鈻傗杻鈻冣杺鈻傗杺鈻傗杺鈻傗杺鈻佲杺鈻傗杹鈻佲杹鈻傗杺鈻傗杹鈻佲杺鈻傗杺
wandb:          entropy 鈻堚枀鈻呪枀鈻勨杻鈻勨杻鈻傗杺鈻傗杻鈻傗杺鈻傗杺鈻佲杺鈻佲杹鈻傗杺鈻傗杺鈻傗杺鈻傗杹鈻傗杹鈻佲杹鈻佲杹鈻佲杹鈻佲杹鈻佲杹
wandb:         env_step 鈻佲杹鈻佲杹鈻佲杺鈻冣杻鈻冣杻鈻冣杻鈻冣杽鈻勨杽鈻勨杽鈻勨杽鈻呪枀鈻呪枀鈻呪枀鈻嗏枂鈻嗏枂鈻嗏枂鈻団枃鈻団枃鈻堚枅鈻堚枅
wandb: expected_msg_len 鈻呪杽鈻呪枀鈻呪枀鈻呪枅鈻団枃鈻冣杻鈻傗杻鈻佲杻鈻傗杽鈻勨杻鈻呪杽鈻勨枀鈻呪杺鈻傗杽鈻勨杻鈻勨杺鈻傗杻鈻傗杺鈻冣杻鈻佲杹
wandb:       gumbel_tau 鈻佲杹鈻佲杹鈻佲杹鈻佲杹鈻佲杹鈻佲杹鈻佲杹鈻佲杹鈻佲杹鈻佲杹鈻佲杹鈻佲杹鈻佲杹鈻佲杹鈻佲杹鈻佲杹鈻佲杹鈻佲杹鈻佲杹鈻佲杹
wandb:               +8 ...
wandb: 
wandb: Run summary:
wandb:  actor_grad_norm 0.31195
wandb:       actor_loss -0.0079
wandb:        approx_kl 9e-05
wandb:        clip_frac 0.00077
wandb:    comm_ctx_norm 2.25008
wandb: critic_grad_norm 1.97787
wandb:          entropy 0.79314
wandb:         env_step 9986048.0
wandb: expected_msg_len 5.60667
wandb:       gumbel_tau 1
wandb:               +8 ...
wandb: 
wandb: 馃殌 View run 0_2_2026-06-15_00-47-24 at: https://wandb.ai/aryaman-reddi/talk/runs/2w378yw6
wandb: 猸愶笍 View project at: https://wandb.ai/aryaman-reddi/talk
wandb: Synced 5 W&B file(s), 0 media file(s), 0 artifact file(s) and 0 other file(s)
wandb: Find logs at: ./wandb/run-20260615_004953-2w378yw6/logs
Importing submoduled environments...
Submoduled environments not found. Skipping import.
wandb: 
wandb: Run history:
wandb:  actor_grad_norm 鈻佲杻鈻勨枂鈻堚枀鈻団枀鈻呪杽鈻呪枀鈻呪杽鈻団杽鈻勨杽鈻勨枀鈻呪杽鈻呪杽鈻呪枀鈻勨枀鈻勨枀鈻呪杽鈻呪杽鈻勨杽鈻勨杽鈻呪枀
wandb:       actor_loss 鈻佲杽鈻冣枀鈻冣枀鈻呪枀鈻勨枀鈻勨枂鈻嗏枂鈻呪枀鈻嗏枂鈻呪枂鈻団枂鈻嗏枂鈻団枃鈻団枃鈻堚枃鈻嗏枂鈻団枃鈻団枃鈻団枃鈻堚枅
wandb:        approx_kl 鈻勨杽鈻勨枂鈻呪杽鈻呪枀鈻嗏枂鈻嗏枂鈻嗏枂鈻呪枂鈻呪枃鈻嗏枂鈻嗏枂鈻嗏枀鈻嗏枅鈻団枅鈻呪枂鈻勨杽鈻勨杽鈻呪杽鈻勨杻鈻傗杹
wandb:        clip_frac 鈻佲杻鈻冣杽鈻堚杽鈻呪枀鈻呪枂鈻勨枂鈻団枀鈻嗏枂鈻団杽鈻嗏枀鈻嗏枀鈻嗏枃鈻呪枂鈻団枀鈻嗏枃鈻嗏枀鈻勨枀鈻呪杽鈻冣杽鈻勨杺
wandb:    comm_ctx_norm 鈻堚枃鈻嗏枂鈻団杻鈻傗杹鈻佲杹鈻佲杹鈻佲杹鈻佲杺鈻傗杺鈻傗杺鈻傗杺鈻傗杺鈻冣杺鈻傗杺鈻傗杺鈻傗杺鈻冣杻鈻勨杺鈻冣杺鈻傗杺
wandb: critic_grad_norm 鈻堚枅鈻呪枀鈻呪杺鈻勨杽鈻冣杻鈻傗杽鈻冣杺鈻冣杻鈻冣杻鈻冣杹鈻傗杻鈻呪杽鈻傗杻鈻冣杺鈻冣杺鈻佲杹鈻傗杹鈻佲杹鈻傗杹鈻傗杺
wandb:          entropy 鈻堚枃鈻嗏枀鈻呪杽鈻勨杻鈻冣杻鈻傗杺鈻傗杺鈻傗杺鈻傗杺鈻傗杺鈻傗杹鈻佲杹鈻傗杺鈻傗杹鈻傗杹鈻傗杹鈻佲杹鈻傗杹鈻傗杹鈻傗杹
wandb:         env_step 鈻佲杹鈻佲杹鈻佲杹鈻傗杺鈻傗杺鈻冣杻鈻冣杻鈻冣杽鈻勨杽鈻勨杽鈻勨枀鈻呪枀鈻呪枀鈻嗏枂鈻嗏枂鈻嗏枃鈻団枃鈻団枃鈻団枅鈻堚枅
wandb: expected_msg_len 鈻佲杺鈻傗杺鈻団枅鈻堚枅鈻堚枅鈻堚枅鈻堚枅鈻堚枅鈻堚枅鈻堚枅鈻堚枃鈻団枂鈻団枂鈻嗏枀鈻勨杻鈻呪枀鈻呪枀鈻呪杽鈻冣杽鈻冣杽
wandb:       gumbel_tau 鈻佲杹鈻佲杹鈻佲杹鈻佲杹鈻佲杹鈻佲杹鈻佲杹鈻佲杹鈻佲杹鈻佲杹鈻佲杹鈻佲杹鈻佲杹鈻佲杹鈻佲杹鈻佲杹鈻佲杹鈻佲杹鈻佲杹鈻佲杹
wandb:               +8 ...
wandb: 
wandb: Run summary:
wandb:  actor_grad_norm 0.3243
wandb:       actor_loss -0.00762
wandb:        approx_kl 0.00027
wandb:        clip_frac 0.00266
wandb:    comm_ctx_norm 3.03528
wandb: critic_grad_norm 2.13056
wandb:          entropy 0.79419
wandb:         env_step 9986048.0
wandb: expected_msg_len 8.30145
wandb:       gumbel_tau 1
wandb:               +8 ...
wandb: 
wandb: 馃殌 View run 0_1_2026-06-15_00-47-24 at: https://wandb.ai/aryaman-reddi/talk/runs/an7awy2f
wandb: 猸愶笍 View project at: https://wandb.ai/aryaman-reddi/talk
wandb: Synced 5 W&B file(s), 0 media file(s), 0 artifact file(s) and 0 other file(s)
wandb: Find logs at: ./wandb/run-20260615_004953-an7awy2f/logs
Importing submoduled environments...
Submoduled environments not found. Skipping import.
wandb: 
wandb: Run history:
wandb:  actor_grad_norm 鈻佲杺鈻傗杺鈻冣枀鈻団枂鈻堚杽鈻団枂鈻嗏枅鈻嗏枂鈻呪杽鈻呪枂鈻呪枀鈻呪枀鈻呪枀鈻呪枀鈻嗏枀鈻嗏枀鈻呪枀鈻呪枀鈻呪枀鈻呪枀
wandb:       actor_loss 鈻佲杺鈻冣杻鈻勨杽鈻冣杽鈻呪枀鈻呪枀鈻嗏枂鈻嗏枀鈻嗏枀鈻呪枂鈻嗏枀鈻嗏枂鈻呪枂鈻嗏枃鈻呪枂鈻嗏枂鈻堚枂鈻嗏枂鈻嗏枃鈻団枂
wandb:        approx_kl 鈻勨杽鈻呪杽鈻嗏枂鈻呪枅鈻団枃鈻嗏枂鈻堚枀鈻嗏枃鈻呪枃鈻嗏枀鈻嗏枂鈻団枂鈻団枂鈻呪杽鈻団枀鈻呪枃鈻呪枃鈻嗏杽鈻呪枂鈻呪杹
wandb:        clip_frac 鈻冣枅鈻冣枂鈻呪枂鈻嗏枃鈻堚枂鈻団枂鈻団枂鈻嗏枀鈻嗏枀鈻嗏枂鈻勨枂鈻嗏枀鈻呪杽鈻呪枀鈻勨枀鈻呪枀鈻勨杽鈻冣枀鈻冣杺鈻冣杹
wandb:    comm_ctx_norm 鈻堚枀鈻勨枀鈻呪杻鈻傗杺鈻佲杹鈻佲杺鈻勨杽鈻勨杽鈻勨杽鈻勨杻鈻勨杻鈻冣杻鈻冣杽鈻勨杻鈻冣杻鈻冣杻鈻冣杽鈻勨杽鈻勨杽鈻勨杽
wandb: critic_grad_norm 鈻嗏枅鈻嗏杻鈻団枀鈻冣杻鈻傗杽鈻嗏杺鈻冣杻鈻冣杻鈻佲杻鈻傗杻鈻傗杺鈻冣杺鈻佲杺鈻佲杺鈻冣杹鈻傗杺鈻傗杺鈻佲杺鈻傗杹鈻傗杻
wandb:          entropy 鈻堚枅鈻呪枀鈻冣杻鈻傗杺鈻傗杺鈻傗杺鈻傗杺鈻傗杺鈻傗杹鈻傗杺鈻傗杺鈻傗杺鈻傗杹鈻佲杹鈻傗杺鈻佲杺鈻佲杺鈻佲杹鈻佲杹鈻佲杹
wandb:         env_step 鈻佲杹鈻佲杺鈻傗杺鈻冣杻鈻冣杻鈻冣杻鈻冣杽鈻勨杽鈻勨杽鈻呪枀鈻呪枂鈻嗏枂鈻嗏枂鈻嗏枂鈻嗏枂鈻団枃鈻団枃鈻団枃鈻団枃鈻堚枅
wandb: expected_msg_len 鈻呪枀鈻呪枂鈻堚枅鈻堚枅鈻堚枅鈻堚枃鈻嗏枀鈻勨杽鈻勨杺鈻傗杹鈻傗杺鈻傗杺鈻傗杻鈻傗杻鈻勨杻鈻冣杻鈻冣杺鈻傗杺鈻佲杹鈻傗杺
wandb:       gumbel_tau 鈻佲杹鈻佲杹鈻佲杹鈻佲杹鈻佲杹鈻佲杹鈻佲杹鈻佲杹鈻佲杹鈻佲杹鈻佲杹鈻佲杹鈻佲杹鈻佲杹鈻佲杹鈻佲杹鈻佲杹鈻佲杹鈻佲杹鈻佲杹
wandb:               +8 ...
wandb: 
wandb: Run summary:
wandb:  actor_grad_norm 0.32917
wandb:       actor_loss -0.00778
wandb:        approx_kl 9e-05
wandb:        clip_frac 0.00052
wandb:    comm_ctx_norm 2.98315
wandb: critic_grad_norm 1.97845
wandb:          entropy 0.77868
wandb:         env_step 9986048.0
wandb: expected_msg_len 4.72464
wandb:       gumbel_tau 1
wandb:               +8 ...
wandb: 
wandb: 馃殌 View run 0_0_2026-06-15_00-47-24 at: https://wandb.ai/aryaman-reddi/talk/runs/b84rvlcu
wandb: 猸愶笍 View project at: https://wandb.ai/aryaman-reddi/talk
wandb: Synced 5 W&B file(s), 0 media file(s), 0 artifact file(s) and 0 other file(s)
wandb: Find logs at: ./wandb/run-20260615_004953-b84rvlcu/logs
Importing submoduled environments...
Submoduled environments not found. Skipping import.
Finished.
