Importing submoduled environments...
Submoduled environments not found. Skipping import.
Compiling MAPPO-TarMAC MPE...
Running...
wandb: [wandb.login()] Loaded credentials for https://api.wandb.ai from /home/aryaman/.netrc.
wandb: [wandb.login()] Loaded credentials for https://api.wandb.ai from /home/aryaman/.netrc.
wandb: [wandb.login()] Loaded credentials for https://api.wandb.ai from /home/aryaman/.netrc.
wandb: Currently logged in as: aryaman-reddi to https://api.wandb.ai. Use `wandb login --relogin` to force relogin
wandb: Currently logged in as: aryaman-reddi to https://api.wandb.ai. Use `wandb login --relogin` to force relogin
wandb: Currently logged in as: aryaman-reddi to https://api.wandb.ai. Use `wandb login --relogin` to force relogin
wandb: setting up run 9xjcjekx
wandb: setting up run cwpkl343
wandb: setting up run 3rof16hs
wandb: Tracking run with wandb version 0.27.0
wandb: Run data is saved locally in /home/aryaman/Desktop/project-talk/talk/experiments/mpe/talk_gumbel/wandb/run-20260615_020503-cwpkl343
wandb: Run `wandb offline` to turn off syncing.
wandb: Syncing run 0_2_2026-06-15_02-02-42
wandb: 猸愶笍 View project at https://wandb.ai/aryaman-reddi/talk
wandb: 馃殌 View run at https://wandb.ai/aryaman-reddi/talk/runs/cwpkl343
wandb: Tracking run with wandb version 0.27.0
wandb: Run data is saved locally in /home/aryaman/Desktop/project-talk/talk/experiments/mpe/talk_gumbel/wandb/run-20260615_020503-9xjcjekx
wandb: Run `wandb offline` to turn off syncing.
wandb: Syncing run 0_1_2026-06-15_02-02-42
wandb: 猸愶笍 View project at https://wandb.ai/aryaman-reddi/talk
wandb: 馃殌 View run at https://wandb.ai/aryaman-reddi/talk/runs/9xjcjekx
wandb: Tracking run with wandb version 0.27.0
wandb: Run data is saved locally in /home/aryaman/Desktop/project-talk/talk/experiments/mpe/talk_gumbel/wandb/run-20260615_020503-3rof16hs
wandb: Run `wandb offline` to turn off syncing.
wandb: Syncing run 0_0_2026-06-15_02-02-42
wandb: 猸愶笍 View project at https://wandb.ai/aryaman-reddi/talk
wandb: 馃殌 View run at https://wandb.ai/aryaman-reddi/talk/runs/3rof16hs
wandb: updating run metadata
wandb: updating run metadata
wandb: updating run metadata
wandb: uploading wandb-summary.json; uploading config.yaml
wandb: uploading wandb-summary.json; uploading config.yaml
wandb: uploading wandb-summary.json; uploading config.yaml
wandb: 
wandb: Run history:
wandb:  actor_grad_norm 鈻佲杺鈻勨枅鈻堚枅鈻呪枃鈻呪枂鈻呪枂鈻呪枂鈻団枀鈻嗏枂鈻嗏枀鈻嗏枂鈻嗏枀鈻嗏枀鈻呪枂鈻嗏枂鈻呪枀鈻団枂鈻団枂鈻嗏枂鈻団枂
wandb:       actor_loss 鈻佲杺鈻冣杻鈻傗杽鈻呪杽鈻呪枀鈻呪枀鈻呪枀鈻勨枀鈻勨枂鈻呪枀鈻呪枀鈻勨枀鈻嗏枂鈻嗏枀鈻嗏枂鈻呪枂鈻嗏枃鈻嗏枂鈻堚枂鈻呪枂
wandb:        approx_kl 鈻冣杽鈻勨杽鈻冣杽鈻勨枂鈻嗏枂鈻呪枃鈻嗏枀鈻嗏枂鈻嗏枂鈻団枅鈻嗏枃鈻呪枀鈻嗏枅鈻嗏枃鈻呪枀鈻呪枀鈻勨枂鈻嗏枀鈻呪杽鈻冣杹
wandb:        clip_frac 鈻佲杻鈻呪杻鈻勨杻鈻冣杽鈻嗏杽鈻勨枀鈻堚枂鈻呪枀鈻勨枀鈻勨枀鈻呪杽鈻勨枀鈻勨杻鈻呪枀鈻冣杽鈻冣杻鈻傗杺鈻勨杻鈻佲杺鈻傗杹
wandb:    comm_ctx_norm 鈻団枅鈻嗏枀鈻呪杽鈻勨杻鈻勨杽鈻勨杽鈻勨杽鈻勨杽鈻勨杽鈻勨杻鈻冣杻鈻傗杺鈻傗杹鈻佲杺鈻傗杺鈻傗杺鈻傗杻鈻冣杺鈻冣杻鈻冣杻
wandb: critic_grad_norm 鈻堚枀鈻傗枃鈻嗏杺鈻冣杻鈻冣杽鈻冣杻鈻佲杽鈻傗杺鈻冣杺鈻冣杺鈻佲杺鈻傗杺鈻傗杹鈻傗杹鈻冣杺鈻佲杹鈻佲杺鈻傗杺鈻傗杺鈻傗杺
wandb:          entropy 鈻堚枀鈻呪枀鈻勨杻鈻冣杻鈻冣杻鈻傗杺鈻冣杺鈻傗杺鈻傗杺鈻傗杺鈻佲杺鈻傗杺鈻佲杹鈻佲杹鈻佲杹鈻佲杹鈻佲杹鈻佲杹鈻佲杹鈻傗杹
wandb:         env_step 鈻佲杹鈻佲杹鈻傗杺鈻傗杺鈻傗杺鈻傗杺鈻傗杻鈻冣杻鈻冣杽鈻勨杽鈻勨杽鈻勨枀鈻呪枀鈻呪枀鈻呪枂鈻嗏枂鈻嗏枂鈻嗏枃鈻団枃鈻団枅
wandb: expected_msg_len 鈻団枃鈻堚枅鈻堚枃鈻嗏枂鈻嗏枂鈻傗杹鈻佲杹鈻佲杹鈻佲杹鈻佲杹鈻佲杹鈻佲杹鈻佲杹鈻佲杹鈻佲杹鈻佲杹鈻佲杹鈻佲杹鈻佲杹鈻佲杹
wandb:       gumbel_tau 鈻佲杹鈻佲杹鈻佲杹鈻佲杹鈻佲杹鈻佲杹鈻佲杹鈻佲杹鈻佲杹鈻佲杹鈻佲杹鈻佲杹鈻佲杹鈻佲杹鈻佲杹鈻佲杹鈻佲杹鈻佲杹鈻佲杹鈻佲杹
wandb:               +8 ...
wandb: 
wandb: Run summary:
wandb:  actor_grad_norm 0.32001
wandb:       actor_loss -0.00815
wandb:        approx_kl 3e-05
wandb:        clip_frac 0.00022
wandb:    comm_ctx_norm 3.17996
wandb: critic_grad_norm 2.10781
wandb:          entropy 0.81354
wandb:         env_step 9986048.0
wandb: expected_msg_len 2.01401
wandb:       gumbel_tau 0.5
wandb:               +8 ...
wandb: 
wandb: 馃殌 View run 0_1_2026-06-15_02-02-42 at: https://wandb.ai/aryaman-reddi/talk/runs/9xjcjekx
wandb: 猸愶笍 View project at: https://wandb.ai/aryaman-reddi/talk
wandb: Synced 5 W&B file(s), 0 media file(s), 0 artifact file(s) and 0 other file(s)
wandb: Find logs at: ./wandb/run-20260615_020503-9xjcjekx/logs
Importing submoduled environments...
Submoduled environments not found. Skipping import.
wandb: 
wandb: Run history:
wandb:  actor_grad_norm 鈻佲杽鈻勨枂鈻嗏枂鈻嗏枂鈻堚枅鈻勨枂鈻団枃鈻呪枂鈻嗏枂鈻団枂鈻団枂鈻嗏枃鈻嗏枀鈻団枂鈻嗏枃鈻嗏枂鈻呪枅鈻嗏枂鈻団枃鈻団枃
wandb:       actor_loss 鈻佲杺鈻冣杽鈻呪杽鈻呪枀鈻嗏枀鈻団枃鈻堚枂鈻堚枅鈻嗏枅鈻団枃鈻団枃鈻嗏枃鈻堚枃鈻団枃鈻団枃鈻堚枅鈻団枅鈻団枅鈻堚枃鈻団枅
wandb:        approx_kl 鈻傗杻鈻勨杻鈻呪杽鈻勨杽鈻勨枂鈻嗏枂鈻嗏枂鈻嗏枂鈻団枅鈻団枅鈻嗏杽鈻嗏枃鈻呪枂鈻堚枀鈻堚枃鈻呪枂鈻呪枀鈻呪枀鈻呪枃鈻勨杹
wandb:        clip_frac 鈻佲杺鈻勨杺鈻呪枀鈻嗏枂鈻団枃鈻堚枂鈻団枃鈻嗏枅鈻堚枂鈻嗏枃鈻嗏枃鈻嗏枂鈻嗏枀鈻団枃鈻呪枀鈻嗏枂鈻嗏杽鈻勨枀鈻勨杽鈻呪杺
wandb:    comm_ctx_norm 鈻堚枅鈻呪杽鈻冣杻鈻冣杻鈻傗杺鈻傗杻鈻勨杻鈻冣杻鈻冣杺鈻傗杺鈻傗杺鈻傗杹鈻佲杹鈻佲杹鈻佲杹鈻佲杹鈻佲杹鈻傗杹鈻佲杹鈻佲杺
wandb: critic_grad_norm 鈻嗏枃鈻団枅鈻団杽鈻勨枂鈻嗏杻鈻勨杽鈻勨杽鈻勨枀鈻団杻鈻冣杽鈻冣杽鈻呪杺鈻傗杺鈻冣杹鈻傗杺鈻傗杺鈻佲杹鈻佲杹鈻傗杺鈻冣杺
wandb:          entropy 鈻堚枃鈻団枂鈻嗏枀鈻勨杽鈻勨杽鈻勨杽鈻冣杻鈻勨杻鈻冣杻鈻冣杻鈻冣杻鈻冣杺鈻冣杻鈻冣杺鈻傗杻鈻傗杺鈻傗杺鈻佲杺鈻佲杹鈻佲杹
wandb:         env_step 鈻佲杹鈻佲杹鈻佲杺鈻傗杺鈻傗杻鈻冣杻鈻冣杻鈻冣杽鈻勨杽鈻勨杽鈻呪枀鈻呪枀鈻呪枀鈻嗏枂鈻嗏枂鈻団枃鈻団枃鈻団枃鈻堚枅鈻堚枅
wandb: expected_msg_len 鈻嗏枂鈻嗏枂鈻団枅鈻堚枅鈻堚枅鈻嗏枀鈻呪杺鈻佲杹鈻傗杺鈻傗杺鈻佲杹鈻佲杹鈻佲杺鈻傗杺鈻佲杹鈻佲杹鈻佲杹鈻佲杹鈻佲杹鈻佲杹
wandb:       gumbel_tau 鈻佲杹鈻佲杹鈻佲杹鈻佲杹鈻佲杹鈻佲杹鈻佲杹鈻佲杹鈻佲杹鈻佲杹鈻佲杹鈻佲杹鈻佲杹鈻佲杹鈻佲杹鈻佲杹鈻佲杹鈻佲杹鈻佲杹鈻佲杹
wandb:               +8 ...
wandb: 
wandb: Run summary:
wandb:  actor_grad_norm 0.39571
wandb:       actor_loss -0.00779
wandb:        approx_kl 5e-05
wandb:        clip_frac 0.00026
wandb:    comm_ctx_norm 2.8511
wandb: critic_grad_norm 1.87139
wandb:          entropy 0.77749
wandb:         env_step 9986048.0
wandb: expected_msg_len 2.08859
wandb:       gumbel_tau 0.5
wandb:               +8 ...
wandb: 
wandb: 馃殌 View run 0_2_2026-06-15_02-02-42 at: https://wandb.ai/aryaman-reddi/talk/runs/cwpkl343
wandb: 猸愶笍 View project at: https://wandb.ai/aryaman-reddi/talk
wandb: Synced 5 W&B file(s), 0 media file(s), 0 artifact file(s) and 0 other file(s)
wandb: Find logs at: ./wandb/run-20260615_020503-cwpkl343/logs
Importing submoduled environments...
Submoduled environments not found. Skipping import.
wandb: uploading config.yaml
wandb: 
wandb: Run history:
wandb:  actor_grad_norm 鈻佲枀鈻呪杽鈻傗枂鈻堚杻鈻冣杺鈻勨杻鈻冣杺鈻冣杺鈻嗏杻鈻勨杻鈻冣杻鈻冣杺鈻傗杻鈻冣杺鈻傗杺鈻傗杻鈻傗杻鈻冣杺鈻冣杻鈻傗杻
wandb:       actor_loss 鈻佲杹鈻傗杻鈻勨枀鈻勨枀鈻呪枀鈻呪枃鈻団枂鈻団枃鈻団枃鈻嗏枂鈻嗏枅鈻団枂鈻団枃鈻団枃鈻団枂鈻嗏枃鈻団枃鈻団枅鈻団枃鈻団枃
wandb:        approx_kl 鈻佲杽鈻冣杻鈻傗杽鈻勨杻鈻勨杻鈻団枀鈻呪杽鈻嗏枀鈻呪杽鈻勨枂鈻嗏枀鈻勨枅鈻呪杽鈻勨枂鈻勨杽鈻冣杽鈻勨杻鈻傗杽鈻勨杺鈻勨杺
wandb:        clip_frac 鈻勨杻鈻勨杽鈻勨枀鈻嗏枂鈻団枅鈻団杽鈻呪枀鈻嗏枂鈻呪枂鈻勨枂鈻呪枂鈻団杽鈻嗏枀鈻勨枀鈻嗏杽鈻勨杽鈻冣杽鈻冣杻鈻傗杺鈻傗杹
wandb:    comm_ctx_norm 鈻堚枀鈻呪枀鈻勨杺鈻佲杹鈻佲杹鈻佲枀鈻呪杽鈻呪杽鈻勨杽鈻勨杽鈻勨杽鈻勨杽鈻勨杽鈻勨杽鈻勨杽鈻冣杻鈻冣杻鈻冣杽鈻冣杻鈻冣杻
wandb: critic_grad_norm 鈻呪杻鈻呪枅鈻嗏枃鈻冣杽鈻勨杺鈻冣杽鈻冣杽鈻冣杽鈻傗杽鈻傗杻鈻傗杻鈻呪杽鈻冣杺鈻傗杻鈻冣杹鈻佲杻鈻傗杹鈻傗杺鈻冣杺鈻佲杹
wandb:          entropy 鈻堚枀鈻呪枀鈻勨杽鈻冣杻鈻冣杻鈻冣杻鈻冣杻鈻冣杺鈻冣杻鈻冣杺鈻傗杺鈻傗杺鈻佲杺鈻傗杺鈻傗杺鈻傗杺鈻傗杺鈻佲杹鈻佲杹鈻佲杹
wandb:         env_step 鈻佲杹鈻佲杹鈻傗杺鈻傗杺鈻傗杺鈻冣杻鈻冣杻鈻冣杽鈻勨杽鈻勨杽鈻勨枀鈻呪枀鈻呪枀鈻呪枀鈻嗏枂鈻嗏枃鈻団枃鈻団枃鈻団枃鈻堚枅
wandb: expected_msg_len 鈻嗏枂鈻嗏枂鈻嗏枃鈻堚枅鈻堚枅鈻堚枅鈻傗杹鈻佲杹鈻佲杹鈻佲杹鈻佲杹鈻佲杹鈻佲杹鈻佲杹鈻佲杹鈻佲杹鈻佲杹鈻佲杹鈻佲杹鈻佲杹
wandb:       gumbel_tau 鈻佲杹鈻佲杹鈻佲杹鈻佲杹鈻佲杹鈻佲杹鈻佲杹鈻佲杹鈻佲杹鈻佲杹鈻佲杹鈻佲杹鈻佲杹鈻佲杹鈻佲杹鈻佲杹鈻佲杹鈻佲杹鈻佲杹鈻佲杹
wandb:               +8 ...
wandb: 
wandb: Run summary:
wandb:  actor_grad_norm 0.36587
wandb:       actor_loss -0.00796
wandb:        approx_kl 3e-05
wandb:        clip_frac 0.00019
wandb:    comm_ctx_norm 2.73898
wandb: critic_grad_norm 1.92397
wandb:          entropy 0.79872
wandb:         env_step 9986048.0
wandb: expected_msg_len 2.28713
wandb:       gumbel_tau 0.5
wandb:               +8 ...
wandb: 
wandb: 馃殌 View run 0_0_2026-06-15_02-02-42 at: https://wandb.ai/aryaman-reddi/talk/runs/3rof16hs
wandb: 猸愶笍 View project at: https://wandb.ai/aryaman-reddi/talk
wandb: Synced 5 W&B file(s), 0 media file(s), 0 artifact file(s) and 0 other file(s)
wandb: Find logs at: ./wandb/run-20260615_020503-3rof16hs/logs
Importing submoduled environments...
Submoduled environments not found. Skipping import.
Finished.
