Importing submoduled environments...
Submoduled environments not found. Skipping import.
Compiling MAPPO-TarMAC MPE...
Running...
wandb: [wandb.login()] Loaded credentials for https://api.wandb.ai from /home/aryaman/.netrc.
wandb: [wandb.login()] Loaded credentials for https://api.wandb.ai from /home/aryaman/.netrc.
wandb: [wandb.login()] Loaded credentials for https://api.wandb.ai from /home/aryaman/.netrc.
wandb: Currently logged in as: aryaman-reddi to https://api.wandb.ai. Use `wandb login --relogin` to force relogin
wandb: Currently logged in as: aryaman-reddi to https://api.wandb.ai. Use `wandb login --relogin` to force relogin
wandb: Currently logged in as: aryaman-reddi to https://api.wandb.ai. Use `wandb login --relogin` to force relogin
wandb: setting up run 16cgcdah
wandb: setting up run ddpe5m3s
wandb: Tracking run with wandb version 0.27.0
wandb: Run data is saved locally in /home/aryaman/Desktop/project-talk/talk/experiments/mpe/talk_gumbel/wandb/run-20260615_020523-16cgcdah
wandb: Run `wandb offline` to turn off syncing.
wandb: Syncing run 0_2_2026-06-15_02-02-48
wandb: 猸愶笍 View project at https://wandb.ai/aryaman-reddi/talk
wandb: 馃殌 View run at https://wandb.ai/aryaman-reddi/talk/runs/16cgcdah
wandb: Tracking run with wandb version 0.27.0
wandb: Run data is saved locally in /home/aryaman/Desktop/project-talk/talk/experiments/mpe/talk_gumbel/wandb/run-20260615_020523-7gowa26r
wandb: Run `wandb offline` to turn off syncing.
wandb: Syncing run 0_0_2026-06-15_02-02-48
wandb: 猸愶笍 View project at https://wandb.ai/aryaman-reddi/talk
wandb: 馃殌 View run at https://wandb.ai/aryaman-reddi/talk/runs/7gowa26r
wandb: Tracking run with wandb version 0.27.0
wandb: Run data is saved locally in /home/aryaman/Desktop/project-talk/talk/experiments/mpe/talk_gumbel/wandb/run-20260615_020523-ddpe5m3s
wandb: Run `wandb offline` to turn off syncing.
wandb: Syncing run 0_1_2026-06-15_02-02-48
wandb: 猸愶笍 View project at https://wandb.ai/aryaman-reddi/talk
wandb: 馃殌 View run at https://wandb.ai/aryaman-reddi/talk/runs/ddpe5m3s
wandb: updating run metadata
wandb: updating run metadata
wandb: updating run metadata
wandb: uploading history steps 1212-1219, summary; uploading wandb-summary.json; uploading config.yaml
wandb: uploading wandb-summary.json; uploading config.yaml; uploading history steps 1212-1219, summary
wandb: uploading history steps 1212-1219, summary; uploading wandb-summary.json; uploading config.yaml
wandb: 
wandb: Run history:
wandb:  actor_grad_norm 鈻傗杹鈻佲杻鈻傗杺鈻団杽鈻勨枀鈻嗏枀鈻勨杽鈻呪枃鈻嗏枃鈻堚枅鈻嗏杽鈻勨杻鈻勨杽鈻嗏枀鈻呪杻鈻勨杽鈻呪杽鈻呪枀鈻呪枀鈻勨枀
wandb:       actor_loss 鈻佲杺鈻傗杺鈻傗杽鈻勨杽鈻勨枀鈻呪杽鈻呪杽鈻呪枀鈻嗏枂鈻嗏枂鈻嗏枃鈻嗏枂鈻嗏枅鈻嗏枀鈻団枂鈻団枃鈻団枃鈻堚枅鈻団枃鈻団枃
wandb:        approx_kl 鈻冣杹鈻傗杽鈻冣杻鈻呪杽鈻呪杽鈻呪枀鈻嗏枂鈻嗏枃鈻嗏枀鈻勨枂鈻勨枂鈻呪枂鈻呪枀鈻呪枃鈻呪枀鈻嗏枅鈻嗏杻鈻勨枀鈻冣枀鈻嗏杻
wandb:        clip_frac 鈻勨杽鈻傗杻鈻勨枀鈻勨杽鈻嗏枀鈻団枃鈻嗏枅鈻団枃鈻嗏枀鈻呪枂鈻勨枂鈻呪枃鈻嗏枀鈻嗏枀鈻嗏杽鈻嗏枀鈻呪杽鈻勨杺鈻傗杺鈻傗杹
wandb:    comm_ctx_norm 鈻堚枃鈻嗏枂鈻呪杽鈻傗杺鈻傗杺鈻佲杹鈻佲杹鈻佲杹鈻佲杹鈻佲杹鈻佲杹鈻傗杹鈻佲杹鈻佲杹鈻佲杺鈻傗杹鈻佲杺鈻佲杹鈻佲杹鈻佲杹
wandb: critic_grad_norm 鈻堚杺鈻傗杻鈻冣杽鈻冣杻鈻冣杺鈻傗杺鈻佲杻鈻冣杹鈻佲杹鈻佲杹鈻佲杺鈻傗杺鈻傗杹鈻佲杹鈻佲杹鈻佲杹鈻傗杹鈻佲杹鈻佲杹鈻佲杺
wandb:          entropy 鈻堚枃鈻嗏枂鈻呪枀鈻呪枀鈻勨杽鈻冣杻鈻傗杺鈻傗杺鈻傗杻鈻傗杺鈻傗杺鈻傗杺鈻傗杺鈻傗杺鈻傗杹鈻佲杹鈻傗杺鈻傗杹鈻佲杹鈻佲杹
wandb:         env_step 鈻佲杺鈻傗杺鈻傗杺鈻傗杺鈻傗杺鈻傗杻鈻冣杻鈻勨杽鈻勨杽鈻勨杽鈻勨枀鈻呪枀鈻呪枀鈻呪枀鈻嗏枂鈻嗏枂鈻団枃鈻団枃鈻堚枅鈻堚枅
wandb: expected_msg_len 鈻冣杺鈻冣枂鈻団枃鈻団枂鈻嗏枂鈻堚枅鈻堚枃鈻団枅鈻堚枃鈻団枃鈻嗏枂鈻勨枀鈻傗杺鈻冣杽鈻勨杽鈻冣杻鈻冣杹鈻佲杹鈻冣杻鈻冣杻
wandb:       gumbel_tau 鈻佲杹鈻佲杹鈻佲杹鈻佲杹鈻佲杹鈻佲杹鈻佲杹鈻佲杹鈻佲杹鈻佲杹鈻佲杹鈻佲杹鈻佲杹鈻佲杹鈻佲杹鈻佲杹鈻佲杹鈻佲杹鈻佲杹鈻佲杹
wandb:               +8 ...
wandb: 
wandb: Run summary:
wandb:  actor_grad_norm 0.29622
wandb:       actor_loss -0.008
wandb:        approx_kl 0.00012
wandb:        clip_frac 0.00126
wandb:    comm_ctx_norm 2.719
wandb: critic_grad_norm 2.12925
wandb:          entropy 0.80056
wandb:         env_step 9986048.0
wandb: expected_msg_len 7.16938
wandb:       gumbel_tau 1
wandb:               +8 ...
wandb: 
wandb: 馃殌 View run 0_0_2026-06-15_02-02-48 at: https://wandb.ai/aryaman-reddi/talk/runs/7gowa26r
wandb: 猸愶笍 View project at: https://wandb.ai/aryaman-reddi/talk
wandb: Synced 5 W&B file(s), 0 media file(s), 0 artifact file(s) and 0 other file(s)
wandb: Find logs at: ./wandb/run-20260615_020523-7gowa26r/logs
Importing submoduled environments...
Submoduled environments not found. Skipping import.
wandb: 
wandb: Run history:
wandb:  actor_grad_norm 鈻佲杹鈻堚枃鈻嗏杹鈻呪枀鈻勨枀鈻冣杺鈻団枃鈻呪杺鈻傗杽鈻冣杻鈻冣杻鈻勨杽鈻勨杽鈻冣杽鈻傗杻鈻冣杺鈻勨杻鈻冣杽鈻勨杻鈻冣杽
wandb:       actor_loss 鈻佲杺鈻冣杽鈻呪枀鈻勨枂鈻呪枀鈻呪枂鈻呪枀鈻団枂鈻団枃鈻堚枃鈻嗏枃鈻団枂鈻堚枃鈻堚枅鈻堚枃鈻堚枅鈻堚枃鈻堚枃鈻堚枃鈻堚枅
wandb:        approx_kl 鈻佲杻鈻冣杺鈻勨杽鈻呪杽鈻呪枀鈻嗏枂鈻嗏枃鈻団枃鈻嗏枀鈻団枅鈻堚枃鈻団枅鈻堚枅鈻団枀鈻嗏枂鈻嗏枂鈻嗏枂鈻呪枀鈻勨枂鈻勨杹
wandb:        clip_frac 鈻佲杺鈻冣杽鈻堚枀鈻勨枃鈻嗏枂鈻呪枃鈻呪枀鈻嗏枅鈻嗏枂鈻堚枃鈻団枂鈻団枃鈻団枂鈻団枂鈻嗏枂鈻嗏枀鈻嗏杽鈻勨杽鈻呪杻鈻勨杺
wandb:    comm_ctx_norm 鈻堚枃鈻嗏枀鈻傗杺鈻佲杹鈻佲杹鈻佲杹鈻佲杹鈻佲杹鈻佲杹鈻佲杹鈻佲杹鈻佲杹鈻佲杹鈻佲杺鈻傗杺鈻佲杺鈻傗杹鈻佲杹鈻佲杹鈻佲杹
wandb: critic_grad_norm 鈻団杽鈻嗏枅鈻呪杻鈻呪杻鈻勨杻鈻呪杻鈻冣杻鈻冣杻鈻勨杺鈻冣杺鈻冣杹鈻傗杺鈻傗杻鈻傗杹鈻佲杺鈻佲杹鈻佲杹鈻佲杹鈻傗杹鈻佲杹
wandb:          entropy 鈻堚枅鈻嗏枂鈻勨杽鈻勨杽鈻冣杻鈻冣杻鈻傗杺鈻傗杺鈻冣杻鈻冣杻鈻傗杹鈻傗杺鈻佲杺鈻傗杺鈻傗杺鈻傗杹鈻傗杺鈻佲杹鈻佲杹鈻佲杹
wandb:         env_step 鈻佲杹鈻佲杹鈻佲杹鈻傗杺鈻傗杺鈻傗杻鈻冣杻鈻冣杻鈻勨杽鈻勨杽鈻勨杽鈻勨杽鈻呪枀鈻呪枂鈻嗏枂鈻団枃鈻団枃鈻団枃鈻団枃鈻堚枅
wandb: expected_msg_len 鈻冣枃鈻団枅鈻団枃鈻堚枅鈻堚枅鈻堚枅鈻堚枅鈻堚枅鈻団枃鈻嗏枂鈻嗏枀鈻勨杽鈻勨杻鈻傗杹鈻佲杺鈻佲杹鈻佲杺鈻佲杹鈻佲杹鈻佲杺
wandb:       gumbel_tau 鈻佲杹鈻佲杹鈻佲杹鈻佲杹鈻佲杹鈻佲杹鈻佲杹鈻佲杹鈻佲杹鈻佲杹鈻佲杹鈻佲杹鈻佲杹鈻佲杹鈻佲杹鈻佲杹鈻佲杹鈻佲杹鈻佲杹鈻佲杹
wandb:               +8 ...
wandb: 
wandb: Run summary:
wandb:  actor_grad_norm 0.34291
wandb:       actor_loss -0.00765
wandb:        approx_kl 0.00012
wandb:        clip_frac 0.00085
wandb:    comm_ctx_norm 3.33206
wandb: critic_grad_norm 1.61007
wandb:          entropy 0.76664
wandb:         env_step 9986048.0
wandb: expected_msg_len 6.01566
wandb:       gumbel_tau 1
wandb:               +8 ...
wandb: 
wandb: 馃殌 View run 0_2_2026-06-15_02-02-48 at: https://wandb.ai/aryaman-reddi/talk/runs/16cgcdah
wandb: 猸愶笍 View project at: https://wandb.ai/aryaman-reddi/talk
wandb: Synced 5 W&B file(s), 0 media file(s), 0 artifact file(s) and 0 other file(s)
wandb: Find logs at: ./wandb/run-20260615_020523-16cgcdah/logs
Importing submoduled environments...
Submoduled environments not found. Skipping import.
wandb: uploading wandb-summary.json
wandb: 
wandb: Run history:
wandb:  actor_grad_norm 鈻勨杻鈻傗杻鈻冣杽鈻堚杹鈻傗杻鈻冣杺鈻佲杹鈻傗杹鈻傗杺鈻佲杹鈻傗杹鈻傗杺鈻傗杺鈻佲杹鈻佲杹鈻佲杹鈻佲杹鈻佲杹鈻佲杺鈻佲杺
wandb:       actor_loss 鈻佲杺鈻勨杻鈻勨枃鈻呪枀鈻呪枀鈻嗏杽鈻嗏枀鈻嗏枀鈻嗏枂鈻呪枂鈻嗏枂鈻嗏枂鈻団枅鈻団枂鈻団枅鈻団枃鈻団枃鈻団枃鈻団枅鈻団枃
wandb:        approx_kl 鈻冣杻鈻勨杻鈻冣杽鈻呪杽鈻呪枀鈻呪杽鈻嗏枂鈻呪枂鈻呪枂鈻呪枀鈻嗏枅鈻呪枂鈻堚枀鈻勨枀鈻呪枀鈻勨枀鈻嗏枀鈻団枂鈻呪杽鈻勨杹
wandb:        clip_frac 鈻傗杻鈻嗏杺鈻勨枀鈻嗏枂鈻勨枀鈻団枀鈻勨枃鈻呪枂鈻嗏枂鈻呪枀鈻嗏枀鈻堚枃鈻団枀鈻呪枂鈻呪枀鈻勨杻鈻呪杽鈻呪杽鈻冣杻鈻勨杹
wandb:    comm_ctx_norm 鈻堚杽鈻勨杽鈻勨杽鈻冣杻鈻冣杺鈻傗杺鈻傗杺鈻傗杺鈻傗杺鈻傗杺鈻傗杺鈻傗杹鈻佲杹鈻佲杹鈻佲杹鈻佲杹鈻佲杹鈻佲杹鈻佲杹鈻佲杹
wandb: critic_grad_norm 鈻団枅鈻嗏枀鈻堚杻鈻堚杻鈻傗杻鈻冣杻鈻傗杽鈻傗杺鈻傗杺鈻傗杺鈻傗杺鈻傗杺鈻傗杺鈻傗杹鈻傗杺鈻佲杹鈻佲杺鈻傗杺鈻佲杹鈻佲杺
wandb:          entropy 鈻堚枅鈻団杽鈻冣杻鈻冣杻鈻冣杻鈻傗杺鈻冣杺鈻冣杺鈻傗杺鈻傗杺鈻傗杺鈻傗杺鈻佲杺鈻傗杹鈻佲杹鈻佲杺鈻佲杹鈻傗杹鈻佲杹鈻佲杹
wandb:         env_step 鈻佲杹鈻佲杹鈻傗杺鈻傗杺鈻傗杻鈻冣杻鈻冣杽鈻勨杽鈻勨杽鈻勨枀鈻呪枀鈻呪枀鈻呪枂鈻嗏枂鈻嗏枂鈻団枃鈻団枃鈻団枃鈻団枃鈻堚枅
wandb: expected_msg_len 鈻呪枂鈻嗏枅鈻堚枅鈻堚枅鈻堚枅鈻団枃鈻団枂鈻嗏枂鈻呪枀鈻勨杽鈻勨杻鈻傗杺鈻傗杺鈻傗杹鈻傗杹鈻傗杹鈻佲杹鈻佲杹鈻佲杹鈻佲杹
wandb:       gumbel_tau 鈻佲杹鈻佲杹鈻佲杹鈻佲杹鈻佲杹鈻佲杹鈻佲杹鈻佲杹鈻佲杹鈻佲杹鈻佲杹鈻佲杹鈻佲杹鈻佲杹鈻佲杹鈻佲杹鈻佲杹鈻佲杹鈻佲杹鈻佲杹
wandb:               +8 ...
wandb: 
wandb: Run summary:
wandb:  actor_grad_norm 0.30091
wandb:       actor_loss -0.00804
wandb:        approx_kl 0.0002
wandb:        clip_frac 0.00109
wandb:    comm_ctx_norm 2.8683
wandb: critic_grad_norm 1.70712
wandb:          entropy 0.80125
wandb:         env_step 9986048.0
wandb: expected_msg_len 2.56142
wandb:       gumbel_tau 1
wandb:               +8 ...
wandb: 
wandb: 馃殌 View run 0_1_2026-06-15_02-02-48 at: https://wandb.ai/aryaman-reddi/talk/runs/ddpe5m3s
wandb: 猸愶笍 View project at: https://wandb.ai/aryaman-reddi/talk
wandb: Synced 5 W&B file(s), 0 media file(s), 0 artifact file(s) and 0 other file(s)
wandb: Find logs at: ./wandb/run-20260615_020523-ddpe5m3s/logs
Importing submoduled environments...
Submoduled environments not found. Skipping import.
Finished.
