Importing submoduled environments...
Submoduled environments not found. Skipping import.
Compiling MAPPO-TarMAC MPE...
Running...
wandb: [wandb.login()] Loaded credentials for https://api.wandb.ai from /home/aryaman/.netrc.
wandb: [wandb.login()] Loaded credentials for https://api.wandb.ai from /home/aryaman/.netrc.
wandb: [wandb.login()] Loaded credentials for https://api.wandb.ai from /home/aryaman/.netrc.
wandb: Currently logged in as: aryaman-reddi to https://api.wandb.ai. Use `wandb login --relogin` to force relogin
wandb: Currently logged in as: aryaman-reddi to https://api.wandb.ai. Use `wandb login --relogin` to force relogin
wandb: Currently logged in as: aryaman-reddi to https://api.wandb.ai. Use `wandb login --relogin` to force relogin
wandb: setting up run 0tspb9h3
wandb: setting up run tazuorpd
wandb: setting up run cgon9vqg
wandb: Tracking run with wandb version 0.27.0
wandb: Run data is saved locally in /home/aryaman/Desktop/project-talk/talk/experiments/mpe/talk_gumbel/wandb/run-20260615_034101-tazuorpd
wandb: Run `wandb offline` to turn off syncing.
wandb: Syncing run 0_0_2026-06-15_03-38-45
wandb: 猸愶笍 View project at https://wandb.ai/aryaman-reddi/talk
wandb: 馃殌 View run at https://wandb.ai/aryaman-reddi/talk/runs/tazuorpd
wandb: Tracking run with wandb version 0.27.0
wandb: Run data is saved locally in /home/aryaman/Desktop/project-talk/talk/experiments/mpe/talk_gumbel/wandb/run-20260615_034101-cgon9vqg
wandb: Run `wandb offline` to turn off syncing.
wandb: Syncing run 0_1_2026-06-15_03-38-45
wandb: 猸愶笍 View project at https://wandb.ai/aryaman-reddi/talk
wandb: 馃殌 View run at https://wandb.ai/aryaman-reddi/talk/runs/cgon9vqg
wandb: Tracking run with wandb version 0.27.0
wandb: Run data is saved locally in /home/aryaman/Desktop/project-talk/talk/experiments/mpe/talk_gumbel/wandb/run-20260615_034101-0tspb9h3
wandb: Run `wandb offline` to turn off syncing.
wandb: Syncing run 0_2_2026-06-15_03-38-45
wandb: 猸愶笍 View project at https://wandb.ai/aryaman-reddi/talk
wandb: 馃殌 View run at https://wandb.ai/aryaman-reddi/talk/runs/0tspb9h3
wandb: updating run metadata
wandb: updating run metadata
wandb: updating run metadata
wandb: uploading wandb-summary.json; uploading config.yaml
wandb: uploading wandb-summary.json; uploading config.yaml
wandb: 
wandb: Run history:
wandb:  actor_grad_norm 鈻佲杹鈻勨枂鈻勨枂鈻嗏枂鈻呪枃鈻嗏枃鈻堚枂鈻勨枂鈻嗏枃鈻嗏枃鈻堚枂鈻嗏枀鈻嗏枂鈻呪枃鈻嗏枃鈻嗏枂鈻呪枂鈻団枃鈻団枂鈻堚枃
wandb:       actor_loss 鈻佲杺鈻傗杺鈻傗杻鈻勨杽鈻勨枀鈻呪杽鈻呪枂鈻嗏枂鈻嗏枃鈻嗏枂鈻嗏枂鈻嗏枂鈻嗏枃鈻団枃鈻嗏枃鈻団枂鈻団枃鈻団枃鈻堚枅鈻嗏枃
wandb:        approx_kl 鈻佲杺鈻佲杹鈻傗杽鈻勨杽鈻勨杽鈻呪杻鈻呪杽鈻勨枀鈻呪杽鈻勨枃鈻呪枅鈻嗏枂鈻呪枀鈻堚杽鈻勨枀鈻呪枀鈻呪杻鈻勨杽鈻冣杻鈻冣杹
wandb:        clip_frac 鈻佲杺鈻冣杽鈻冣枀鈻勨枀鈻団枀鈻呪枃鈻団枂鈻団枃鈻嗏枀鈻嗏枂鈻団枂鈻堚枀鈻呪枂鈻呪枂鈻嗏枂鈻呪杽鈻嗏枀鈻勨杻鈻勨杻鈻冣杹
wandb:    comm_ctx_norm 鈻堚枂鈻団杽鈻勨枀鈻呪杽鈻勨杻鈻勨杽鈻勨杻鈻冣杻鈻勨杽鈻冣杻鈻冣杻鈻傗杻鈻傗杺鈻傗杺鈻冣杺鈻佲杺鈻傗杹鈻傗杺鈻佲杹鈻佲杺
wandb: critic_grad_norm 鈻堚杻鈻傗杻鈻傗杹鈻冣杺鈻傗杺鈻佲杺鈻冣杻鈻傗杺鈻傗杺鈻傗杺鈻冣杺鈻佲杹鈻傗杺鈻傗杺鈻傗杹鈻佲杹鈻佲杺鈻傗杹鈻佲杹鈻佲杹
wandb:          entropy 鈻堚枃鈻嗏枂鈻呪枀鈻呪枀鈻呪杽鈻呪枀鈻勨杽鈻勨杽鈻勨杽鈻勨杽鈻冣杻鈻冣杻鈻冣杺鈻冣杺鈻冣杻鈻傗杺鈻傗杺鈻傗杹鈻佲杹鈻佲杺
wandb:         env_step 鈻佲杹鈻佲杹鈻佲杺鈻傗杺鈻傗杺鈻冣杻鈻冣杻鈻冣杻鈻冣杻鈻勨杽鈻勨杽鈻勨杽鈻勨杽鈻勨杽鈻呪枀鈻呪枂鈻嗏枂鈻嗏枃鈻団枃鈻団枅
wandb: expected_msg_len 鈻嗏枂鈻堚枅鈻団枂鈻嗏枂鈻呪杽鈻呪杽鈻勨杽鈻勨杽鈻勨杽鈻勨杻鈻冣杻鈻傗杺鈻傗杺鈻傗杺鈻傗杹鈻佲杹鈻佲杹鈻傗杹鈻佲杹鈻佲杹
wandb:       gumbel_tau 鈻佲杹鈻佲杹鈻佲杹鈻佲杹鈻佲杹鈻佲杹鈻佲杹鈻佲杹鈻佲杹鈻佲杹鈻佲杹鈻佲杹鈻佲杹鈻佲杹鈻佲杹鈻佲杹鈻佲杹鈻佲杹鈻佲杹鈻佲杹
wandb:               +8 ...
wandb: 
wandb: Run summary:
wandb:  actor_grad_norm 0.29503
wandb:       actor_loss -0.00928
wandb:        approx_kl 0.00016
wandb:        clip_frac 0.00171
wandb:    comm_ctx_norm 3.34051
wandb: critic_grad_norm 2.44154
wandb:          entropy 0.93053
wandb:         env_step 9986048.0
wandb: expected_msg_len 3.52764
wandb:       gumbel_tau 1
wandb:               +8 ...
wandb: 
wandb: 馃殌 View run 0_1_2026-06-15_03-38-45 at: https://wandb.ai/aryaman-reddi/talk/runs/cgon9vqg
wandb: 猸愶笍 View project at: https://wandb.ai/aryaman-reddi/talk
wandb: Synced 5 W&B file(s), 0 media file(s), 0 artifact file(s) and 0 other file(s)
wandb: Find logs at: ./wandb/run-20260615_034101-cgon9vqg/logs
Importing submoduled environments...
Submoduled environments not found. Skipping import.
wandb: uploading history steps 1218-1219, summary
wandb: uploading history steps 1218-1219, summary
wandb: 
wandb: Run history:
wandb:  actor_grad_norm 鈻佲杹鈻佲杺鈻傗杽鈻勨枅鈻団枃鈻嗏枂鈻堚枃鈻団枂鈻団枂鈻堚枃鈻団枃鈻団枃鈻団枂鈻嗏枂鈻嗏枂鈻嗏枂鈻嗏枂鈻嗏枂鈻嗏枂鈻嗏枃
wandb:       actor_loss 鈻佲杹鈻傗杺鈻冣杻鈻冣杽鈻冣杽鈻勨杽鈻呪枀鈻嗏枂鈻嗏枂鈻嗏枂鈻嗏枂鈻嗏枂鈻団枂鈻団枃鈻団枃鈻堚枅鈻堚枅鈻堚枃鈻団枃鈻団枃
wandb:        approx_kl 鈻佲杺鈻傗杺鈻佲杻鈻冣杽鈻勨杽鈻勨枀鈻呪枀鈻呪枀鈻嗏枀鈻勨枃鈻嗏枀鈻団枂鈻嗏枀鈻嗏枂鈻嗏枂鈻呪枃鈻堚枃鈻堚枂鈻嗏枀鈻勨枀
wandb:        clip_frac 鈻佲杺鈻傗杻鈻冣枀鈻団枀鈻勨枂鈻呪枂鈻団枂鈻嗏枀鈻団枂鈻嗏枂鈻嗏枃鈻堚枃鈻団枂鈻団枂鈻嗏枃鈻団枀鈻団枂鈻団枂鈻呪枀鈻呪杺
wandb:    comm_ctx_norm 鈻堚杻鈻傗杹鈻佲杹鈻佲杹鈻佲杹鈻佲杹鈻佲杹鈻佲杹鈻佲杹鈻佲杹鈻佲杹鈻佲杹鈻佲杹鈻佲杹鈻佲杹鈻佲杹鈻佲杹鈻佲杹鈻佲杹鈻佲杹
wandb: critic_grad_norm 鈻勨枂鈻堚杽鈻嗏杽鈻呪杻鈻呪杽鈻呪枀鈻傗杺鈻傗杺鈻傗杺鈻冣杺鈻勨杺鈻佲杺鈻傗杺鈻傗杹鈻傗杽鈻佲杹鈻傗杹鈻傗杹鈻佲杹鈻佲杺
wandb:          entropy 鈻堚枂鈻嗏枀鈻呪杽鈻冣杻鈻傗杺鈻傗杺鈻傗杺鈻傗杺鈻傗杹鈻傗杺鈻傗杺鈻傗杺鈻傗杺鈻佲杺鈻傗杺鈻佲杹鈻佲杹鈻佲杹鈻佲杹鈻佲杹
wandb:         env_step 鈻佲杹鈻傗杺鈻傗杺鈻傗杺鈻傗杺鈻冣杻鈻冣杻鈻冣杽鈻勨杽鈻勨杽鈻勨杽鈻勨枀鈻呪枀鈻呪枀鈻嗏枂鈻団枃鈻団枃鈻団枃鈻堚枅鈻堚枅
wandb: expected_msg_len 鈻呪枀鈻呪枀鈻勨枀鈻堚枅鈻堚枅鈻堚枅鈻堚枅鈻堚枃鈻団枅鈻堚枅鈻堚枃鈻団枀鈻勨杻鈻冣杻鈻傗杺鈻佲杹鈻佲杹鈻傗杺鈻傗杺鈻傗杺
wandb:       gumbel_tau 鈻佲杹鈻佲杹鈻佲杹鈻佲杹鈻佲杹鈻佲杹鈻佲杹鈻佲杹鈻佲杹鈻佲杹鈻佲杹鈻佲杹鈻佲杹鈻佲杹鈻佲杹鈻佲杹鈻佲杹鈻佲杹鈻佲杹鈻佲杹
wandb:               +8 ...
wandb: 
wandb: Run summary:
wandb:  actor_grad_norm 0.31731
wandb:       actor_loss -0.00845
wandb:        approx_kl 0.00055
wandb:        clip_frac 0.00513
wandb:    comm_ctx_norm 2.83683
wandb: critic_grad_norm 1.84377
wandb:          entropy 0.87153
wandb:         env_step 9986048.0
wandb: expected_msg_len 5.80229
wandb:       gumbel_tau 1
wandb:               +8 ...
wandb: 
wandb: 馃殌 View run 0_2_2026-06-15_03-38-45 at: https://wandb.ai/aryaman-reddi/talk/runs/0tspb9h3
wandb: 猸愶笍 View project at: https://wandb.ai/aryaman-reddi/talk
wandb: Synced 5 W&B file(s), 0 media file(s), 0 artifact file(s) and 0 other file(s)
wandb: Find logs at: ./wandb/run-20260615_034101-0tspb9h3/logs
Importing submoduled environments...
Submoduled environments not found. Skipping import.
wandb: 
wandb: Run history:
wandb:  actor_grad_norm 鈻佲枀鈻呪杽鈻勨枀鈻呪枂鈻団枅鈻嗏枃鈻呪枂鈻呪枂鈻呪枀鈻嗏枀鈻呪枂鈻呪枂鈻呪枀鈻呪枀鈻嗏枀鈻呪枀鈻呪枀鈻呪枀鈻嗏枀鈻呪枀
wandb:       actor_loss 鈻佲杹鈻佲杹鈻傗杻鈻冣杻鈻勨杽鈻呪枂鈻呪枀鈻呪枂鈻嗏枂鈻団枂鈻嗏枂鈻団枂鈻団枃鈻堚枅鈻団枂鈻団枃鈻団枂鈻団枃鈻団枃鈻団枃
wandb:        approx_kl 鈻冣枀鈻嗏枃鈻嗏枂鈻嗏枀鈻呪枀鈻団枃鈻嗏枂鈻嗏枂鈻嗏枂鈻呪枃鈻嗏枀鈻堚枂鈻勨枀鈻勨杽鈻勨枀鈻勨杽鈻冣杽鈻勨杺鈻冣杻鈻傗杹
wandb:        clip_frac 鈻佲杹鈻冣杻鈻勨枀鈻勨枂鈻堚枀鈻団枃鈻団枀鈻嗏枂鈻呪枂鈻呪枂鈻団枂鈻堚枀鈻呪枀鈻団枂鈻勨枀鈻呪杽鈻勨杽鈻呪枂鈻冣杻鈻傗杹
wandb:    comm_ctx_norm 鈻団枃鈻嗏杽鈻傗杹鈻冣枀鈻呪枂鈻呪枀鈻勨杽鈻呪杽鈻冣杽鈻勨枀鈻勨杽鈻勨枀鈻勨枀鈻嗏枅鈻堚枂鈻嗏枃鈻嗏枂鈻呪枀鈻呪枂鈻嗏枃
wandb: critic_grad_norm 鈻団枃鈻団杻鈻呪枀鈻勨杻鈻堚枀鈻冣杻鈻呪杽鈻傗杺鈻傗杺鈻傗杺鈻傗杺鈻冣杺鈻傗杺鈻傗杺鈻傗杺鈻傗杺鈻佲杹鈻佲杺鈻傗杹鈻傗杺
wandb:          entropy 鈻堚枅鈻団枂鈻嗏枂鈻嗏枂鈻勨杽鈻冣杻鈻冣杻鈻冣杺鈻傗杺鈻傗杺鈻傗杺鈻傗杺鈻傗杺鈻傗杺鈻傗杹鈻傗杺鈻傗杹鈻傗杹鈻佲杹鈻佲杹
wandb:         env_step 鈻佲杹鈻佲杺鈻傗杺鈻傗杺鈻傗杺鈻冣杽鈻勨杽鈻勨杽鈻勨杽鈻勨杽鈻呪枀鈻呪枀鈻嗏枂鈻嗏枂鈻嗏枂鈻嗏枂鈻団枃鈻団枃鈻団枅鈻堚枅
wandb: expected_msg_len 鈻佲枃鈻団枅鈻堚枅鈻堚枅鈻堚枅鈻堚枅鈻堚枅鈻団枃鈻団枃鈻団枃鈻団枀鈻呪枀鈻呪枂鈻嗏枂鈻団枃鈻団枃鈻嗏枂鈻団枃鈻団枃鈻団枃
wandb:       gumbel_tau 鈻佲杹鈻佲杹鈻佲杹鈻佲杹鈻佲杹鈻佲杹鈻佲杹鈻佲杹鈻佲杹鈻佲杹鈻佲杹鈻佲杹鈻佲杹鈻佲杹鈻佲杹鈻佲杹鈻佲杹鈻佲杹鈻佲杹鈻佲杹
wandb:               +8 ...
wandb: 
wandb: Run summary:
wandb:  actor_grad_norm 0.35637
wandb:       actor_loss -0.00814
wandb:        approx_kl 0.0004
wandb:        clip_frac 0.00452
wandb:    comm_ctx_norm 3.16136
wandb: critic_grad_norm 2.26209
wandb:          entropy 0.83652
wandb:         env_step 9986048.0
wandb: expected_msg_len 9.50099
wandb:       gumbel_tau 1
wandb:               +8 ...
wandb: 
wandb: 馃殌 View run 0_0_2026-06-15_03-38-45 at: https://wandb.ai/aryaman-reddi/talk/runs/tazuorpd
wandb: 猸愶笍 View project at: https://wandb.ai/aryaman-reddi/talk
wandb: Synced 5 W&B file(s), 0 media file(s), 0 artifact file(s) and 0 other file(s)
wandb: Find logs at: ./wandb/run-20260615_034101-tazuorpd/logs
Importing submoduled environments...
Submoduled environments not found. Skipping import.
Finished.
