Importing submoduled environments...
Submoduled environments not found. Skipping import.
Compiling MAPPO-TarMAC MPE...
Running...
wandb: [wandb.login()] Loaded credentials for https://api.wandb.ai from /home/aryaman/.netrc.
wandb: [wandb.login()] Loaded credentials for https://api.wandb.ai from /home/aryaman/.netrc.
wandb: [wandb.login()] Loaded credentials for https://api.wandb.ai from /home/aryaman/.netrc.
wandb: Currently logged in as: aryaman-reddi to https://api.wandb.ai. Use `wandb login --relogin` to force relogin
wandb: Currently logged in as: aryaman-reddi to https://api.wandb.ai. Use `wandb login --relogin` to force relogin
wandb: Currently logged in as: aryaman-reddi to https://api.wandb.ai. Use `wandb login --relogin` to force relogin
wandb: setting up run mir8lfm8
wandb: setting up run bg14wgik
wandb: Tracking run with wandb version 0.27.0
wandb: Run data is saved locally in /home/aryaman/Desktop/project-talk/talk/experiments/mpe/talk_gumbel/wandb/run-20260615_122819-mir8lfm8
wandb: Run `wandb offline` to turn off syncing.
wandb: Syncing run 0_2_2026-06-15_12-26-14
wandb: 猸愶笍 View project at https://wandb.ai/aryaman-reddi/talk
wandb: 馃殌 View run at https://wandb.ai/aryaman-reddi/talk/runs/mir8lfm8
wandb: Tracking run with wandb version 0.27.0
wandb: Run data is saved locally in /home/aryaman/Desktop/project-talk/talk/experiments/mpe/talk_gumbel/wandb/run-20260615_122819-t4axnxap
wandb: Run `wandb offline` to turn off syncing.
wandb: Syncing run 0_0_2026-06-15_12-26-14
wandb: 猸愶笍 View project at https://wandb.ai/aryaman-reddi/talk
wandb: 馃殌 View run at https://wandb.ai/aryaman-reddi/talk/runs/t4axnxap
wandb: Tracking run with wandb version 0.27.0
wandb: Run data is saved locally in /home/aryaman/Desktop/project-talk/talk/experiments/mpe/talk_gumbel/wandb/run-20260615_122819-bg14wgik
wandb: Run `wandb offline` to turn off syncing.
wandb: Syncing run 0_1_2026-06-15_12-26-14
wandb: 猸愶笍 View project at https://wandb.ai/aryaman-reddi/talk
wandb: 馃殌 View run at https://wandb.ai/aryaman-reddi/talk/runs/bg14wgik
wandb: updating run metadata
wandb: updating run metadata
wandb: updating run metadata
wandb: uploading wandb-summary.json; uploading config.yaml
wandb: uploading wandb-summary.json; uploading config.yaml
wandb: uploading wandb-summary.json; uploading config.yaml
wandb: 
wandb: Run history:
wandb:  actor_grad_norm 鈻佲杺鈻佲杺鈻傗杺鈻冣杽鈻呪枀鈻呪枀鈻呪枂鈻嗏枂鈻嗏枂鈻呪枂鈻堚枂鈻呪枀鈻嗏枀鈻嗏枂鈻嗏枀鈻嗏枀鈻呪枂鈻呪枀鈻呪枀鈻呪枀
wandb:       actor_loss 鈻傗杹鈻冣杽鈻呪杽鈻勨杽鈻呪枀鈻勨枂鈻嗏枂鈻呪枃鈻勨枀鈻嗏枂鈻嗏枃鈻嗏枂鈻団枂鈻団枂鈻嗏枂鈻嗏枃鈻嗏枃鈻団枃鈻団枃鈻堚枅
wandb:        approx_kl 鈻冣杻鈻勨杽鈻勨枀鈻冣杽鈻勨枂鈻呪枀鈻呪枂鈻嗏枂鈻嗏枅鈻団枂鈻堚枃鈻嗏枂鈻嗏枂鈻嗏枀鈻呪枀鈻呪杽鈻呪杽鈻勨杻鈻冣杻鈻冣杹
wandb:        clip_frac 鈻傗杻鈻冣杻鈻勨枂鈻嗏枂鈻勨枃鈻嗏枀鈻団枃鈻団枃鈻堚枃鈻堚枃鈻団枂鈻嗏枃鈻嗏枂鈻嗏枀鈻嗏枂鈻団枀鈻嗏枂鈻嗏杽鈻冣杺鈻傗杹
wandb:    comm_ctx_norm 鈻堚枅鈻団枂鈻冣杺鈻傗杺鈻佲杹鈻傗杹鈻佲杹鈻佲杹鈻佲杹鈻佲杹鈻佲杹鈻佲杹鈻佲杹鈻佲杹鈻佲杹鈻佲杹鈻佲杹鈻佲杹鈻佲杹鈻佲杹
wandb: critic_grad_norm 鈻堚枃鈻勨枀鈻呪杻鈻勨枃鈻冣杺鈻冣杺鈻冣杺鈻傗杺鈻傗杺鈻冣杺鈻佲杺鈻佲杺鈻佲杺鈻傗杹鈻佲杹鈻佲杹鈻佲杹鈻佲杹鈻佲杹鈻佲杹
wandb:          entropy 鈻堚枂鈻呪杽鈻勨杽鈻勨杻鈻冣杻鈻冣杺鈻傗杺鈻冣杻鈻傗杻鈻傗杺鈻傗杺鈻傗杺鈻傗杺鈻傗杺鈻佲杹鈻佲杹鈻傗杹鈻佲杺鈻佲杹鈻傗杹
wandb:         env_step 鈻佲杹鈻佲杺鈻傗杺鈻傗杺鈻傗杺鈻冣杻鈻冣杽鈻勨杽鈻勨杽鈻勨杽鈻呪枀鈻呪枀鈻呪枀鈻嗏枂鈻嗏枂鈻嗏枂鈻嗏枃鈻団枃鈻団枃鈻堚枅
wandb: expected_msg_len 鈻佲杹鈻佲杻鈻冣杺鈻傗杽鈻勨枀鈻団枃鈻団枃鈻団枅鈻堚枅鈻堚枅鈻堚枅鈻堚枅鈻堚枅鈻堚枅鈻堚枅鈻堚枅鈻堚枅鈻堚枅鈻堚枅鈻堚枅
wandb:       gumbel_tau 鈻佲杹鈻佲杹鈻佲杹鈻佲杹鈻佲杹鈻佲杹鈻佲杹鈻佲杹鈻佲杹鈻佲杹鈻佲杹鈻佲杹鈻佲杹鈻佲杹鈻佲杹鈻佲杹鈻佲杹鈻佲杹鈻佲杹鈻佲杹
wandb:               +8 ...
wandb: 
wandb: Run summary:
wandb:  actor_grad_norm 0.65056
wandb:       actor_loss -0.00826
wandb:        approx_kl 7e-05
wandb:        clip_frac 0.00077
wandb:    comm_ctx_norm 2.13414
wandb: critic_grad_norm 0.56515
wandb:          entropy 0.82707
wandb:         env_step 9986048.0
wandb: expected_msg_len 9.99674
wandb:       gumbel_tau 1
wandb:               +8 ...
wandb: 
wandb: 馃殌 View run 0_2_2026-06-15_12-26-14 at: https://wandb.ai/aryaman-reddi/talk/runs/mir8lfm8
wandb: 猸愶笍 View project at: https://wandb.ai/aryaman-reddi/talk
wandb: Synced 5 W&B file(s), 0 media file(s), 0 artifact file(s) and 0 other file(s)
wandb: Find logs at: ./wandb/run-20260615_122819-mir8lfm8/logs
Importing submoduled environments...
Submoduled environments not found. Skipping import.
wandb: 
wandb: Run history:
wandb:  actor_grad_norm 鈻佲杹鈻傗杻鈻傗杻鈻冣杽鈻呪枀鈻団枀鈻嗏枂鈻呪枃鈻団枅鈻呪枀鈻呪枂鈻団枂鈻呪枃鈻嗏枂鈻嗏枂鈻嗏枂鈻嗏枂鈻嗏枀鈻嗏枀鈻嗏枀
wandb:       actor_loss 鈻佲杺鈻傗杻鈻冣杽鈻勨杽鈻勨枀鈻勨枀鈻勨枀鈻呪枀鈻嗏枀鈻呪枀鈻勨枀鈻呪枀鈻呪枀鈻嗏枀鈻呪枀鈻嗏枃鈻嗏枂鈻団枃鈻団枂鈻団枅
wandb:        approx_kl 鈻冣杻鈻冣杽鈻勨杽鈻呪枂鈻呪枂鈻呪枂鈻嗏枅鈻嗏枀鈻嗏枃鈻団枃鈻嗏枂鈻嗏枂鈻嗏枀鈻嗏枀鈻呪枀鈻勨枀鈻呪杽鈻勨杽鈻勨杻鈻傗杹
wandb:        clip_frac 鈻傗杽鈻傗杺鈻嗏枀鈻嗏枅鈻嗏枃鈻嗏枃鈻団枂鈻団枅鈻嗏枀鈻呪枃鈻団枃鈻嗏枂鈻嗏枃鈻呪枂鈻嗏杽鈻勨枀鈻冣杻鈻勨杻鈻傗杹鈻傗杹
wandb:    comm_ctx_norm 鈻堚枅鈻嗏枀鈻呪杺鈻傗杹鈻佲杹鈻佲杹鈻佲杹鈻佲杹鈻佲杹鈻佲杹鈻佲杹鈻佲杹鈻佲杹鈻佲杹鈻佲杺鈻佲杹鈻佲杺鈻傗杺鈻傗杺鈻傗杺
wandb: critic_grad_norm 鈻堚杽鈻勨杽鈻勨杻鈻冣杻鈻勨杺鈻傗杺鈻傗杺鈻冣杺鈻傗杻鈻傗杺鈻傗杹鈻傗杺鈻佲杹鈻佲杹鈻佲杹鈻佲杹鈻佲杹鈻佲杹鈻佲杹鈻佲杹
wandb:          entropy 鈻堚枃鈻嗏杽鈻勨杻鈻冣杻鈻冣杻鈻傗杻鈻冣杻鈻冣杺鈻傗杺鈻冣杻鈻傗杺鈻傗杺鈻傗杺鈻佲杺鈻傗杹鈻傗杺鈻傗杹鈻佲杺鈻佲杹鈻佲杹
wandb:         env_step 鈻佲杹鈻佲杺鈻傗杺鈻傗杺鈻傗杺鈻冣杻鈻冣杻鈻冣杻鈻冣杻鈻勨杽鈻勨杽鈻呪枀鈻呪枀鈻呪枂鈻嗏枂鈻嗏枃鈻団枃鈻団枃鈻団枃鈻堚枅
wandb: expected_msg_len 鈻傗杹鈻佲杹鈻佲杽鈻勨枂鈻団枃鈻団枅鈻堚枅鈻団枅鈻堚枃鈻団枅鈻堚枅鈻堚枅鈻堚枅鈻堚枅鈻堚枅鈻堚枅鈻堚枅鈻堚枅鈻堚枅鈻堚枅
wandb:       gumbel_tau 鈻佲杹鈻佲杹鈻佲杹鈻佲杹鈻佲杹鈻佲杹鈻佲杹鈻佲杹鈻佲杹鈻佲杹鈻佲杹鈻佲杹鈻佲杹鈻佲杹鈻佲杹鈻佲杹鈻佲杹鈻佲杹鈻佲杹鈻佲杹
wandb:               +8 ...
wandb: 
wandb: Run summary:
wandb:  actor_grad_norm 0.64514
wandb:       actor_loss -0.00811
wandb:        approx_kl 0.00017
wandb:        clip_frac 0.00166
wandb:    comm_ctx_norm 1.87389
wandb: critic_grad_norm 0.4946
wandb:          entropy 0.81126
wandb:         env_step 9986048.0
wandb: expected_msg_len 9.91252
wandb:       gumbel_tau 1
wandb:               +8 ...
wandb: 
wandb: 馃殌 View run 0_0_2026-06-15_12-26-14 at: https://wandb.ai/aryaman-reddi/talk/runs/t4axnxap
wandb: 猸愶笍 View project at: https://wandb.ai/aryaman-reddi/talk
wandb: Synced 5 W&B file(s), 0 media file(s), 0 artifact file(s) and 0 other file(s)
wandb: Find logs at: ./wandb/run-20260615_122819-t4axnxap/logs
Importing submoduled environments...
Submoduled environments not found. Skipping import.
wandb: uploading history steps 1211-1219, summary
wandb: 
wandb: Run history:
wandb:  actor_grad_norm 鈻佲杹鈻傗杺鈻傗杽鈻冣杻鈻勨枃鈻呪枀鈻嗏枅鈻嗏枃鈻団枃鈻嗏枃鈻呪枃鈻堚枂鈻団枂鈻堚枃鈻団枂鈻団枃鈻団枃鈻団枂鈻団枃鈻嗏枃
wandb:       actor_loss 鈻佲杺鈻傗杻鈻勨杻鈻勨杻鈻冣杻鈻勨杻鈻冣杽鈻勨杽鈻勨杽鈻勨杽鈻勨杽鈻呪枀鈻呪枀鈻呪枀鈻嗏枀鈻嗏枂鈻嗏枅鈻嗏枂鈻団枃鈻団枅
wandb:        approx_kl 鈻勨杽鈻呪枀鈻勨枂鈻嗏枂鈻嗏枃鈻嗏枀鈻団枅鈻団枃鈻団枃鈻団枃鈻団枃鈻団枃鈻堚枂鈻嗏枂鈻団枂鈻呪枂鈻嗏枀鈻呪枀鈻嗏杽鈻勨杹
wandb:        clip_frac 鈻冣杻鈻勨杻鈻呪枀鈻団枀鈻嗏枃鈻堚枂鈻団枂鈻団枃鈻団枂鈻嗏枂鈻嗏枃鈻嗏枂鈻呪枂鈻嗏枂鈻呪枂鈻呪枀鈻呪杽鈻勨杻鈻冣杺鈻傗杹
wandb:    comm_ctx_norm 鈻堚枀鈻呪枀鈻勨杺鈻傗杺鈻傗杺鈻傗杺鈻傗杺鈻佲杹鈻佲杹鈻佲杹鈻佲杹鈻佲杹鈻佲杹鈻佲杹鈻佲杹鈻佲杹鈻佲杹鈻佲杹鈻佲杹鈻佲杹
wandb: critic_grad_norm 鈻団枅鈻勨杻鈻冣杺鈻傗杺鈻傗杺鈻傗杺鈻傗杺鈻傗杹鈻佲杹鈻傗杹鈻佲杹鈻佲杹鈻佲杹鈻佲杹鈻佲杹鈻佲杹鈻佲杹鈻佲杹鈻佲杹鈻佲杹
wandb:          entropy 鈻堚枃鈻呪杽鈻勨杽鈻勨杻鈻勨杻鈻冣杻鈻冣杻鈻冣杻鈻冣杻鈻冣杻鈻傗杺鈻傗杺鈻傗杺鈻佲杺鈻佲杹鈻佲杹鈻佲杹鈻佲杹鈻佲杹鈻佲杹
wandb:         env_step 鈻佲杹鈻佲杹鈻佲杻鈻冣杻鈻冣杻鈻冣杻鈻冣杻鈻冣杽鈻勨杽鈻勨杽鈻呪枀鈻呪枀鈻呪枀鈻呪枀鈻呪枀鈻嗏枂鈻嗏枂鈻嗏枃鈻団枃鈻堚枅
wandb: expected_msg_len 鈻佲杹鈻佲杻鈻冣杽鈻呪枂鈻団枃鈻堚枅鈻堚枅鈻堚枅鈻堚枅鈻堚枅鈻堚枅鈻堚枅鈻堚枅鈻堚枅鈻堚枅鈻堚枅鈻堚枅鈻堚枅鈻堚枅鈻堚枅
wandb:       gumbel_tau 鈻佲杹鈻佲杹鈻佲杹鈻佲杹鈻佲杹鈻佲杹鈻佲杹鈻佲杹鈻佲杹鈻佲杹鈻佲杹鈻佲杹鈻佲杹鈻佲杹鈻佲杹鈻佲杹鈻佲杹鈻佲杹鈻佲杹鈻佲杹
wandb:               +8 ...
wandb: 
wandb: Run summary:
wandb:  actor_grad_norm 0.54041
wandb:       actor_loss -0.00773
wandb:        approx_kl 0.00019
wandb:        clip_frac 0.00182
wandb:    comm_ctx_norm 1.88902
wandb: critic_grad_norm 0.51637
wandb:          entropy 0.78196
wandb:         env_step 9986048.0
wandb: expected_msg_len 9.94685
wandb:       gumbel_tau 1
wandb:               +8 ...
wandb: 
wandb: 馃殌 View run 0_1_2026-06-15_12-26-14 at: https://wandb.ai/aryaman-reddi/talk/runs/bg14wgik
wandb: 猸愶笍 View project at: https://wandb.ai/aryaman-reddi/talk
wandb: Synced 5 W&B file(s), 0 media file(s), 0 artifact file(s) and 0 other file(s)
wandb: Find logs at: ./wandb/run-20260615_122819-bg14wgik/logs
Importing submoduled environments...
Submoduled environments not found. Skipping import.
Finished.
