Importing submoduled environments...
Submoduled environments not found. Skipping import.
Compiling MAPPO-TarMAC MPE...
Running...
wandb: [wandb.login()] Loaded credentials for https://api.wandb.ai from /home/aryaman/.netrc.
wandb: [wandb.login()] Loaded credentials for https://api.wandb.ai from /home/aryaman/.netrc.
wandb: [wandb.login()] Loaded credentials for https://api.wandb.ai from /home/aryaman/.netrc.
wandb: Currently logged in as: aryaman-reddi to https://api.wandb.ai. Use `wandb login --relogin` to force relogin
wandb: Currently logged in as: aryaman-reddi to https://api.wandb.ai. Use `wandb login --relogin` to force relogin
wandb: Currently logged in as: aryaman-reddi to https://api.wandb.ai. Use `wandb login --relogin` to force relogin
wandb: setting up run ky4rz5r6
wandb: Tracking run with wandb version 0.27.0
wandb: Run data is saved locally in /home/aryaman/Desktop/project-talk/talk/experiments/mpe/talk_gumbel/wandb/run-20260615_034108-5i2a4pr7
wandb: Run `wandb offline` to turn off syncing.
wandb: Syncing run 0_2_2026-06-15_03-38-50
wandb: 猸愶笍 View project at https://wandb.ai/aryaman-reddi/talk
wandb: 馃殌 View run at https://wandb.ai/aryaman-reddi/talk/runs/5i2a4pr7
wandb: Tracking run with wandb version 0.27.0
wandb: Run data is saved locally in /home/aryaman/Desktop/project-talk/talk/experiments/mpe/talk_gumbel/wandb/run-20260615_034108-ky4rz5r6
wandb: Run `wandb offline` to turn off syncing.
wandb: Syncing run 0_0_2026-06-15_03-38-50
wandb: 猸愶笍 View project at https://wandb.ai/aryaman-reddi/talk
wandb: 馃殌 View run at https://wandb.ai/aryaman-reddi/talk/runs/ky4rz5r6
wandb: Tracking run with wandb version 0.27.0
wandb: Run data is saved locally in /home/aryaman/Desktop/project-talk/talk/experiments/mpe/talk_gumbel/wandb/run-20260615_034108-28qhiti1
wandb: Run `wandb offline` to turn off syncing.
wandb: Syncing run 0_1_2026-06-15_03-38-50
wandb: 猸愶笍 View project at https://wandb.ai/aryaman-reddi/talk
wandb: 馃殌 View run at https://wandb.ai/aryaman-reddi/talk/runs/28qhiti1
wandb: updating run metadata
wandb: updating run metadata
wandb: updating run metadata
wandb: uploading wandb-summary.json; uploading config.yaml
wandb: uploading wandb-summary.json; uploading config.yaml
wandb: uploading wandb-summary.json; uploading config.yaml
wandb: 
wandb: Run history:
wandb:  actor_grad_norm 鈻佲杹鈻傗杹鈻佲杹鈻傗杺鈻冣枀鈻嗏枂鈻嗏枂鈻団枂鈻団枃鈻嗏枃鈻団枅鈻団枃鈻団枃鈻嗏枃鈻団枃鈻団枃鈻団枂鈻団枃鈻堚枃鈻団枃
wandb:       actor_loss 鈻佲杽鈻冣杻鈻呪枀鈻呪枀鈻勨杽鈻勨枀鈻勨杻鈻勨杽鈻勨杽鈻呪杽鈻勨枂鈻勨枀鈻呪枀鈻勨杽鈻勨枂鈻呪枂鈻団枂鈻団枃鈻嗏枅鈻堚枅
wandb:        approx_kl 鈻呪枀鈻嗏枀鈻呪枀鈻呪枀鈻呪枂鈻団枃鈻団枀鈻嗏枂鈻嗏枂鈻嗏枂鈻堚枂鈻嗏枂鈻嗏枃鈻呪枂鈻嗏杽鈻呪杽鈻呪枀鈻勨杽鈻勨杻鈻傗杹
wandb:        clip_frac 鈻呪杽鈻冣杽鈻勨枀鈻勨枀鈻呪枂鈻嗏枅鈻嗏枂鈻堚枃鈻団枂鈻団枂鈻団枃鈻嗏枂鈻呪枂鈻嗏枂鈻呪枀鈻呪枂鈻呪枀鈻勨枂鈻勨杻鈻傗杹
wandb:    comm_ctx_norm 鈻堚枃鈻嗏枀鈻呪杽鈻呪枀鈻呪杽鈻勨杻鈻傗杺鈻傗杹鈻佲杹鈻佲杹鈻佲杹鈻佲杹鈻佲杹鈻佲杹鈻佲杹鈻佲杹鈻佲杹鈻佲杹鈻佲杹鈻傗杹
wandb: critic_grad_norm 鈻堚杻鈻冣杺鈻呪杺鈻冣杻鈻傗杺鈻傗杺鈻傗杹鈻傗杹鈻佲杹鈻佲杹鈻佲杹鈻傗杹鈻佲杹鈻佲杹鈻佲杹鈻佲杹鈻佲杹鈻佲杹鈻佲杹鈻佲杹
wandb:          entropy 鈻堚枃鈻呪枀鈻呪杻鈻冣杺鈻冣杻鈻傗杻鈻傗杻鈻冣杺鈻傗杺鈻傗杻鈻傗杺鈻傗杺鈻傗杺鈻傗杺鈻佲杹鈻佲杹鈻傗杹鈻傗杺鈻傗杹鈻佲杹
wandb:         env_step 鈻佲杹鈻佲杹鈻佲杺鈻傗杺鈻傗杺鈻冣杻鈻冣杻鈻冣杻鈻冣杻鈻冣杻鈻勨杽鈻勨杽鈻呪枀鈻呪枀鈻呪枀鈻嗏枂鈻嗏枂鈻団枃鈻堚枅鈻堚枅
wandb: expected_msg_len 鈻勨杽鈻冣杻鈻冣杻鈻傗杻鈻冣杺鈻佲杺鈻冣杻鈻傗枃鈻団枃鈻団枂鈻堚枅鈻堚枅鈻堚枃鈻団枃鈻団枃鈻団枅鈻堚枅鈻堚枃鈻堚枃鈻堚枅
wandb:       gumbel_tau 鈻佲杹鈻佲杹鈻佲杹鈻佲杹鈻佲杹鈻佲杹鈻佲杹鈻佲杹鈻佲杹鈻佲杹鈻佲杹鈻佲杹鈻佲杹鈻佲杹鈻佲杹鈻佲杹鈻佲杹鈻佲杹鈻佲杹鈻佲杹
wandb:               +8 ...
wandb: 
wandb: Run summary:
wandb:  actor_grad_norm 0.51287
wandb:       actor_loss -0.00853
wandb:        approx_kl 5e-05
wandb:        clip_frac 0.00052
wandb:    comm_ctx_norm 1.70321
wandb: critic_grad_norm 1.31905
wandb:          entropy 0.84913
wandb:         env_step 9986048.0
wandb: expected_msg_len 9.36255
wandb:       gumbel_tau 1
wandb:               +8 ...
wandb: 
wandb: 馃殌 View run 0_0_2026-06-15_03-38-50 at: https://wandb.ai/aryaman-reddi/talk/runs/ky4rz5r6
wandb: 猸愶笍 View project at: https://wandb.ai/aryaman-reddi/talk
wandb: Synced 5 W&B file(s), 0 media file(s), 0 artifact file(s) and 0 other file(s)
wandb: Find logs at: ./wandb/run-20260615_034108-ky4rz5r6/logs
Importing submoduled environments...
Submoduled environments not found. Skipping import.
wandb: 
wandb: Run history:
wandb:  actor_grad_norm 鈻佲杺鈻傗杺鈻冣枀鈻勨杽鈻呪枀鈻呪杻鈻呪枀鈻団枀鈻団枀鈻堚枀鈻嗏枂鈻団枃鈻嗏枂鈻嗏枂鈻団枂鈻嗏枂鈻嗏枃鈻団枂鈻団枂鈻嗏枃
wandb:       actor_loss 鈻佲杹鈻佲杻鈻冣杽鈻傗杻鈻傗杺鈻冣杻鈻傗杺鈻勨杻鈻冣杽鈻冣杽鈻勨杽鈻勨枀鈻勨杽鈻勨杽鈻勨杽鈻呪枀鈻呪枂鈻呪枀鈻嗏枀鈻堚枅
wandb:        approx_kl 鈻呪枀鈻団枀鈻呪枀鈻呪枂鈻呪枀鈻呪枂鈻団枃鈻嗏枃鈻団枂鈻団枅鈻嗏枃鈻嗏枀鈻団枂鈻呪枃鈻団枀鈻嗏枀鈻呪枀鈻呪杽鈻勨枀鈻勨杹
wandb:        clip_frac 鈻呪枂鈻勨杽鈻嗏杽鈻呪枂鈻堚枂鈻団枂鈻団枀鈻呪枃鈻嗏枃鈻堚枂鈻団枃鈻団枀鈻団枅鈻嗏枂鈻嗏枃鈻勨枀鈻勨枂鈻呪枀鈻勨杻鈻勨杹
wandb:    comm_ctx_norm 鈻堚杽鈻勨杽鈻勨杺鈻傗杻鈻傗杺鈻傗杺鈻傗杹鈻佲杹鈻佲杹鈻佲杹鈻佲杹鈻佲杹鈻佲杹鈻佲杹鈻佲杹鈻佲杹鈻佲杹鈻佲杹鈻佲杹鈻佲杹
wandb: critic_grad_norm 鈻堚枀鈻傗杻鈻傗杽鈻冣杽鈻傗杺鈻傗杺鈻傗杺鈻佲杺鈻傗杺鈻佲杹鈻佲杺鈻佲杺鈻傗杹鈻佲杹鈻佲杺鈻佲杹鈻佲杹鈻佲杹鈻佲杹鈻佲杹
wandb:          entropy 鈻堚枅鈻堚枅鈻団枀鈻呪杽鈻勨枀鈻勨杽鈻勨杽鈻勨杻鈻冣杽鈻冣杺鈻冣杻鈻傗杻鈻冣杻鈻冣杻鈻傗杺鈻傗杺鈻傗杺鈻佲杹鈻傗杹鈻傗杺
wandb:         env_step 鈻佲杹鈻佲杹鈻佲杹鈻佲杹鈻傗杺鈻傗杻鈻冣杻鈻冣杽鈻勨杽鈻勨杽鈻勨杽鈻呪枀鈻呪枀鈻呪枀鈻嗏枂鈻団枃鈻団枃鈻団枃鈻堚枅鈻堚枅
wandb: expected_msg_len 鈻傗杺鈻佲杹鈻佲杹鈻傗杺鈻佲杹鈻傗杹鈻傗杹鈻佲杹鈻佲杺鈻傗杹鈻佲杺鈻傗杻鈻勨杽鈻勨枀鈻嗏枃鈻団枃鈻団枅鈻堚枅鈻堚枅鈻堚枅
wandb:       gumbel_tau 鈻佲杹鈻佲杹鈻佲杹鈻佲杹鈻佲杹鈻佲杹鈻佲杹鈻佲杹鈻佲杹鈻佲杹鈻佲杹鈻佲杹鈻佲杹鈻佲杹鈻佲杹鈻佲杹鈻佲杹鈻佲杹鈻佲杹鈻佲杹
wandb:               +8 ...
wandb: 
wandb: Run summary:
wandb:  actor_grad_norm 0.46415
wandb:       actor_loss -0.00865
wandb:        approx_kl 2e-05
wandb:        clip_frac 0.00012
wandb:    comm_ctx_norm 2.3542
wandb: critic_grad_norm 1.0506
wandb:          entropy 0.86181
wandb:         env_step 9986048.0
wandb: expected_msg_len 9.27546
wandb:       gumbel_tau 1
wandb:               +8 ...
wandb: 
wandb: 馃殌 View run 0_2_2026-06-15_03-38-50 at: https://wandb.ai/aryaman-reddi/talk/runs/5i2a4pr7
wandb: 猸愶笍 View project at: https://wandb.ai/aryaman-reddi/talk
wandb: Synced 5 W&B file(s), 0 media file(s), 0 artifact file(s) and 0 other file(s)
wandb: Find logs at: ./wandb/run-20260615_034108-5i2a4pr7/logs
Importing submoduled environments...
Submoduled environments not found. Skipping import.
wandb: uploading history steps 1213-1219, summary
wandb: 
wandb: Run history:
wandb:  actor_grad_norm 鈻佲杹鈻佲杹鈻傗杺鈻傗杺鈻傗杺鈻傗杺鈻勨杻鈻冣杻鈻勨杽鈻団杽鈻堚枂鈻呪枀鈻団枃鈻団枂鈻嗏枅鈻嗏枃鈻団枂鈻嗏枂鈻団枂鈻嗏枃
wandb:       actor_loss 鈻佲杺鈻傗杽鈻呪枀鈻勨杻鈻冣杻鈻勨杽鈻勨枀鈻呪枀鈻呪杽鈻呪枀鈻呪枂鈻呪枀鈻呪枀鈻嗏枂鈻嗏枂鈻嗏枂鈻嗏枂鈻団枅鈻団枅鈻堚枅
wandb:        approx_kl 鈻傗枀鈻勨杻鈻呪杽鈻呪杽鈻勨枀鈻勨枂鈻呪枅鈻勨枃鈻呪枂鈻団枀鈻呪枀鈻団枀鈻呪枂鈻呪枀鈻呪枀鈻勨枀鈻勨杻鈻冣杻鈻傗杹鈻佲杹
wandb:        clip_frac 鈻冣杻鈻呪枀鈻嗏杽鈻呪杽鈻呪杽鈻嗏枀鈻嗏枂鈻嗏枂鈻嗏枂鈻団枅鈻堚枂鈻堚枂鈻嗏枂鈻嗏枂鈻呪枃鈻嗏枀鈻嗏枂鈻嗏杽鈻勨杻鈻冣杹
wandb:    comm_ctx_norm 鈻堚枅鈻団枂鈻呪枀鈻勨杽鈻冣杻鈻傗杺鈻佲杹鈻佲杹鈻佲杹鈻佲杹鈻佲杹鈻佲杺鈻佲杺鈻傗杺鈻傗杺鈻傗杺鈻傗杺鈻傗杺鈻傗杺鈻傗杺
wandb: critic_grad_norm 鈻堚杻鈻呪枂鈻呪杽鈻勨杺鈻冣杻鈻勨杺鈻傗杻鈻佲杺鈻傗杺鈻傗杺鈻佲杹鈻佲杹鈻佲杹鈻佲杹鈻傗杹鈻佲杹鈻佲杹鈻佲杹鈻佲杹鈻佲杹
wandb:          entropy 鈻堚枂鈻呪杽鈻勨杽鈻勨杽鈻冣杻鈻冣杻鈻冣杻鈻冣杺鈻冣杺鈻傗杺鈻傗杺鈻傗杺鈻傗杺鈻傗杺鈻佲杺鈻佲杹鈻傗杹鈻傗杺鈻佲杹鈻佲杹
wandb:         env_step 鈻佲杹鈻佲杹鈻傗杺鈻傗杺鈻傗杺鈻冣杻鈻冣杻鈻冣杽鈻勨杽鈻勨枀鈻呪枀鈻呪枀鈻呪枂鈻嗏枂鈻嗏枂鈻団枃鈻団枃鈻団枃鈻団枅鈻堚枅
wandb: expected_msg_len 鈻佲杺鈻冣杻鈻冣杻鈻冣枀鈻嗏枂鈻団枃鈻団枃鈻堚枃鈻堚枅鈻堚枅鈻堚枅鈻堚枅鈻堚枅鈻堚枅鈻堚枅鈻堚枅鈻堚枅鈻堚枅鈻堚枅鈻堚枅
wandb:       gumbel_tau 鈻佲杹鈻佲杹鈻佲杹鈻佲杹鈻佲杹鈻佲杹鈻佲杹鈻佲杹鈻佲杹鈻佲杹鈻佲杹鈻佲杹鈻佲杹鈻佲杹鈻佲杹鈻佲杹鈻佲杹鈻佲杹鈻佲杹鈻佲杹
wandb:               +8 ...
wandb: 
wandb: Run summary:
wandb:  actor_grad_norm 0.46105
wandb:       actor_loss -0.00854
wandb:        approx_kl 5e-05
wandb:        clip_frac 0.00051
wandb:    comm_ctx_norm 1.68082
wandb: critic_grad_norm 0.89796
wandb:          entropy 0.85843
wandb:         env_step 9986048.0
wandb: expected_msg_len 9.99019
wandb:       gumbel_tau 1
wandb:               +8 ...
wandb: 
wandb: 馃殌 View run 0_1_2026-06-15_03-38-50 at: https://wandb.ai/aryaman-reddi/talk/runs/28qhiti1
wandb: 猸愶笍 View project at: https://wandb.ai/aryaman-reddi/talk
wandb: Synced 5 W&B file(s), 0 media file(s), 0 artifact file(s) and 0 other file(s)
wandb: Find logs at: ./wandb/run-20260615_034108-28qhiti1/logs
Importing submoduled environments...
Submoduled environments not found. Skipping import.
Finished.
